<?xml version="1.0" encoding="UTF-8"?>
<testsuite xmlns:xsi="http://www.w3.org/2001/XMLSchema-instance" xsi:noNamespaceSchemaLocation="https://maven.apache.org/surefire/maven-surefire-plugin/xsd/surefire-test-report.xsd" version="3.0.2" name="com.campusconnect.campusconnect.CampusConnectApplicationTests" time="2.541" tests="1" errors="0" skipped="0" failures="0">
  <properties>
[...]
</properties>
  <testcase name="contextLoads" classname="com.campusconnect.campusconnect.CampusConnectApplicationTests" time="0.312">
    <system-out><![CDATA[12:28:21.894 [main] INFO org.springframework.test.context.support.AnnotationConfigContextLoaderUtils -- Could not detect default configuration classes for test class [com.campusconnect.campusconnect.CampusConnectApplicationTests]: CampusConnectApplicationTests does not declare any static, non-private, non-final, nested classes annotated with @Configuration.
12:28:21.952 [main] INFO org.springframework.boot.test.context.SpringBootTestContextBootstrapper -- Found @SpringBootConfiguration com.campusconnect.CampusConnectApplication for test class com.campusconnect.campusconnect.CampusConnectApplicationTests
12:28:22.028 [main] INFO org.springframework.boot.devtools.restart.RestartApplicationListener -- Restart disabled due to context in which it is running

  .   ____          _            __ _ _
 /\\ / ___'_ __ _ _(_)_ __  __ _ \ \ \ \
( ( )\___ | '_ | '_| | '_ \/ _` | \ \ \ \
 \\/  ___)| |_)| | | | | || (_| |  ) ) ) )
  '  |____| .__|_| |_|_| |_\__, | / / / /
 =========|_|==============|___/=/_/_/_/

 :: Spring Boot ::                (v3.4.5)

2025-05-17T12:28:22.154+08:00  INFO 16316 --- [CampusConnect] [           main] c.c.c.CampusConnectApplicationTests      : Starting CampusConnectApplicationTests using Java 23.0.2 with PID 16316 (started by axcellandicho in /Users/axcellandicho/Desktop/CODING/campus_connect)
2025-05-17T12:28:22.154+08:00 DEBUG 16316 --- [CampusConnect] [           main] c.c.c.CampusConnectApplicationTests      : Running with Spring Boot v3.4.5, Spring v6.2.6
2025-05-17T12:28:22.154+08:00  INFO 16316 --- [CampusConnect] [           main] c.c.c.CampusConnectApplicationTests      : No active profile set, falling back to 1 default profile: "default"
2025-05-17T12:28:22.155+08:00 DEBUG 16316 --- [CampusConnect] [           main] o.s.boot.SpringApplication               : Loading source class com.campusconnect.CampusConnectApplication
2025-05-17T12:28:22.171+08:00 DEBUG 16316 --- [CampusConnect] [           main] o.s.w.c.s.GenericWebApplicationContext   : Refreshing org.springframework.web.context.support.GenericWebApplicationContext@159e366
2025-05-17T12:28:22.179+08:00 DEBUG 16316 --- [CampusConnect] [           main] o.s.b.f.s.DefaultListableBeanFactory     : Creating shared instance of singleton bean 'org.springframework.context.annotation.internalConfigurationAnnotationProcessor'
2025-05-17T12:28:22.186+08:00 DEBUG 16316 --- [CampusConnect] [           main] o.s.b.f.s.DefaultListableBeanFactory     : Creating shared instance of singleton bean 'org.springframework.boot.autoconfigure.internalCachingMetadataReaderFactory'
2025-05-17T12:28:22.205+08:00 DEBUG 16316 --- [CampusConnect] [           main] o.s.c.a.ClassPathBeanDefinitionScanner   : Identified candidate component class: file [/Users/axcellandicho/Desktop/CODING/campus_connect/target/classes/com/campusconnect/config/WebConfig.class]
2025-05-17T12:28:22.213+08:00 DEBUG 16316 --- [CampusConnect] [           main] o.s.c.a.ClassPathBeanDefinitionScanner   : Identified candidate component class: file [/Users/axcellandicho/Desktop/CODING/campus_connect/target/classes/com/campusconnect/controller/AuthController.class]
2025-05-17T12:28:22.214+08:00 DEBUG 16316 --- [CampusConnect] [           main] o.s.c.a.ClassPathBeanDefinitionScanner   : Identified candidate component class: file [/Users/axcellandicho/Desktop/CODING/campus_connect/target/classes/com/campusconnect/controller/EventController.class]
2025-05-17T12:28:22.215+08:00 DEBUG 16316 --- [CampusConnect] [           main] o.s.c.a.ClassPathBeanDefinitionScanner   : Identified candidate component class: file [/Users/axcellandicho/Desktop/CODING/campus_connect/target/classes/com/campusconnect/controller/RSVPController.class]
2025-05-17T12:28:22.217+08:00 DEBUG 16316 --- [CampusConnect] [           main] o.s.c.a.ClassPathBeanDefinitionScanner   : Ignored because not a concrete top-level class: file [/Users/axcellandicho/Desktop/CODING/campus_connect/target/classes/com/campusconnect/repository/RSVPRepository.class]
2025-05-17T12:28:22.221+08:00 DEBUG 16316 --- [CampusConnect] [           main] o.s.c.a.ClassPathBeanDefinitionScanner   : Identified candidate component class: file [/Users/axcellandicho/Desktop/CODING/campus_connect/target/classes/com/campusconnect/service/RsvpService.class]
2025-05-17T12:28:22.221+08:00 DEBUG 16316 --- [CampusConnect] [           main] o.s.c.a.ClassPathBeanDefinitionScanner   : Identified candidate component class: file [/Users/axcellandicho/Desktop/CODING/campus_connect/target/classes/com/campusconnect/service/UserService.class]
2025-05-17T12:28:22.498+08:00  INFO 16316 --- [CampusConnect] [           main] .s.d.r.c.RepositoryConfigurationDelegate : Bootstrapping Spring Data JPA repositories in DEFAULT mode.
2025-05-17T12:28:22.503+08:00 DEBUG 16316 --- [CampusConnect] [           main] o.s.b.f.s.DefaultListableBeanFactory     : Creating shared instance of singleton bean 'org.springframework.boot.autoconfigure.AutoConfigurationPackages'
2025-05-17T12:28:22.506+08:00 DEBUG 16316 --- [CampusConnect] [           main] o.s.b.a.AutoConfigurationPackages        : @EnableAutoConfiguration was declared on a class in the package 'com.campusconnect'. Automatic @Repository and @Entity scanning is enabled.
2025-05-17T12:28:22.507+08:00 DEBUG 16316 --- [CampusConnect] [           main] .s.d.r.c.RepositoryConfigurationDelegate : Scanning for JPA repositories in packages com.campusconnect.
2025-05-17T12:28:22.512+08:00 DEBUG 16316 --- [CampusConnect] [           main] o.s.d.r.c.RepositoryComponentProvider    : Identified candidate component class: file [/Users/axcellandicho/Desktop/CODING/campus_connect/target/classes/com/campusconnect/repository/EventRepository.class]
2025-05-17T12:28:22.512+08:00 DEBUG 16316 --- [CampusConnect] [           main] o.s.d.r.c.RepositoryComponentProvider    : Identified candidate component class: file [/Users/axcellandicho/Desktop/CODING/campus_connect/target/classes/com/campusconnect/repository/RSVPRepository.class]
2025-05-17T12:28:22.512+08:00 DEBUG 16316 --- [CampusConnect] [           main] o.s.d.r.c.RepositoryComponentProvider    : Identified candidate component class: file [/Users/axcellandicho/Desktop/CODING/campus_connect/target/classes/com/campusconnect/repository/UserRepository.class]
2025-05-17T12:28:22.530+08:00  INFO 16316 --- [CampusConnect] [           main] .s.d.r.c.RepositoryConfigurationDelegate : Finished Spring Data repository scanning in 23 ms. Found 3 JPA repository interfaces.
2025-05-17T12:28:22.591+08:00 DEBUG 16316 --- [CampusConnect] [           main] o.s.b.f.s.DefaultListableBeanFactory     : Creating shared instance of singleton bean 'propertySourcesPlaceholderConfigurer'
2025-05-17T12:28:22.594+08:00 DEBUG 16316 --- [CampusConnect] [           main] o.s.b.f.s.DefaultListableBeanFactory     : Creating shared instance of singleton bean 'org.springframework.boot.test.mock.mockito.MockitoPostProcessor'
2025-05-17T12:28:22.595+08:00 DEBUG 16316 --- [CampusConnect] [           main] o.s.b.f.s.DefaultListableBeanFactory     : Creating shared instance of singleton bean 'emBeanDefinitionRegistrarPostProcessor'
2025-05-17T12:28:22.595+08:00 DEBUG 16316 --- [CampusConnect] [           main] o.s.b.f.s.DefaultListableBeanFactory     : Creating shared instance of singleton bean 'org.springframework.boot.sql.init.dependency.DatabaseInitializationDependencyConfigurer$DependsOnDatabaseInitializationPostProcessor'
2025-05-17T12:28:22.621+08:00 DEBUG 16316 --- [CampusConnect] [           main] o.s.b.f.s.DefaultListableBeanFactory     : Creating shared instance of singleton bean 'org.springframework.context.event.internalEventListenerProcessor'
2025-05-17T12:28:22.622+08:00 DEBUG 16316 --- [CampusConnect] [           main] o.s.b.f.s.DefaultListableBeanFactory     : Creating shared instance of singleton bean 'preserveErrorControllerTargetClassPostProcessor'
2025-05-17T12:28:22.624+08:00 DEBUG 16316 --- [CampusConnect] [           main] o.s.b.f.s.DefaultListableBeanFactory     : Creating shared instance of singleton bean 'org.springframework.context.event.internalEventListenerFactory'
2025-05-17T12:28:22.624+08:00 DEBUG 16316 --- [CampusConnect] [           main] o.s.b.f.s.DefaultListableBeanFactory     : Creating shared instance of singleton bean 'org.springframework.transaction.config.internalTransactionalEventListenerFactory'
2025-05-17T12:28:22.625+08:00 DEBUG 16316 --- [CampusConnect] [           main] o.s.b.f.s.DefaultListableBeanFactory     : Creating shared instance of singleton bean 'org.springframework.boot.test.mock.mockito.MockitoPostProcessor$SpyPostProcessor'
2025-05-17T12:28:22.626+08:00 DEBUG 16316 --- [CampusConnect] [           main] o.s.b.f.s.DefaultListableBeanFactory     : Creating shared instance of singleton bean 'org.springframework.context.annotation.internalAutowiredAnnotationProcessor'
2025-05-17T12:28:22.627+08:00 DEBUG 16316 --- [CampusConnect] [           main] o.s.b.f.s.DefaultListableBeanFactory     : Creating shared instance of singleton bean 'org.springframework.context.annotation.internalCommonAnnotationProcessor'
2025-05-17T12:28:22.628+08:00 DEBUG 16316 --- [CampusConnect] [           main] o.s.b.f.s.DefaultListableBeanFactory     : Creating shared instance of singleton bean 'org.springframework.context.annotation.internalPersistenceAnnotationProcessor'
2025-05-17T12:28:22.628+08:00 DEBUG 16316 --- [CampusConnect] [           main] o.s.b.f.s.DefaultListableBeanFactory     : Creating shared instance of singleton bean 'org.springframework.boot.context.properties.ConfigurationPropertiesBindingPostProcessor'
2025-05-17T12:28:22.628+08:00 DEBUG 16316 --- [CampusConnect] [           main] o.s.b.f.s.DefaultListableBeanFactory     : Creating shared instance of singleton bean 'org.springframework.boot.context.internalConfigurationPropertiesBinder'
2025-05-17T12:28:22.630+08:00 DEBUG 16316 --- [CampusConnect] [           main] o.s.b.f.s.DefaultListableBeanFactory     : Creating shared instance of singleton bean 'jdbcConnectionDetailsHikariBeanPostProcessor'
2025-05-17T12:28:22.631+08:00 DEBUG 16316 --- [CampusConnect] [           main] o.s.b.f.s.DefaultListableBeanFactory     : Creating shared instance of singleton bean 'org.springframework.aop.config.internalAutoProxyCreator'
2025-05-17T12:28:22.642+08:00 DEBUG 16316 --- [CampusConnect] [           main] o.s.b.f.s.DefaultListableBeanFactory     : Creating shared instance of singleton bean 'persistenceExceptionTranslationPostProcessor'
2025-05-17T12:28:22.643+08:00 DEBUG 16316 --- [CampusConnect] [           main] o.s.b.f.s.DefaultListableBeanFactory     : Autowiring by type from bean name 'persistenceExceptionTranslationPostProcessor' via factory method to bean named 'environment'
2025-05-17T12:28:22.644+08:00 DEBUG 16316 --- [CampusConnect] [           main] o.s.b.f.s.DefaultListableBeanFactory     : Creating shared instance of singleton bean 'webServerFactoryCustomizerBeanPostProcessor'
2025-05-17T12:28:22.644+08:00 DEBUG 16316 --- [CampusConnect] [           main] o.s.b.f.s.DefaultListableBeanFactory     : Creating shared instance of singleton bean 'errorPageRegistrarBeanPostProcessor'
2025-05-17T12:28:22.645+08:00 DEBUG 16316 --- [CampusConnect] [           main] o.s.b.f.s.DefaultListableBeanFactory     : Creating shared instance of singleton bean 'projectingArgumentResolverBeanPostProcessor'
2025-05-17T12:28:22.645+08:00 DEBUG 16316 --- [CampusConnect] [           main] o.s.b.f.s.DefaultListableBeanFactory     : Creating shared instance of singleton bean 'org.springframework.transaction.config.internalTransactionAdvisor'
2025-05-17T12:28:22.645+08:00 DEBUG 16316 --- [CampusConnect] [           main] o.s.b.f.s.DefaultListableBeanFactory     : Creating shared instance of singleton bean 'org.springframework.transaction.annotation.ProxyTransactionManagementConfiguration'
2025-05-17T12:28:22.657+08:00 DEBUG 16316 --- [CampusConnect] [           main] o.s.b.f.s.DefaultListableBeanFactory     : Creating shared instance of singleton bean 'transactionAttributeSource'
2025-05-17T12:28:22.657+08:00 DEBUG 16316 --- [CampusConnect] [           main] o.s.b.f.s.DefaultListableBeanFactory     : Creating shared instance of singleton bean 'transactionInterceptor'
2025-05-17T12:28:22.658+08:00 DEBUG 16316 --- [CampusConnect] [           main] o.s.b.f.s.DefaultListableBeanFactory     : Autowiring by type from bean name 'transactionInterceptor' via factory method to bean named 'transactionAttributeSource'
2025-05-17T12:28:22.659+08:00 DEBUG 16316 --- [CampusConnect] [           main] o.s.b.f.s.DefaultListableBeanFactory     : Autowiring by type from bean name 'org.springframework.transaction.config.internalTransactionAdvisor' via factory method to bean named 'transactionAttributeSource'
2025-05-17T12:28:22.659+08:00 DEBUG 16316 --- [CampusConnect] [           main] o.s.b.f.s.DefaultListableBeanFactory     : Autowiring by type from bean name 'org.springframework.transaction.config.internalTransactionAdvisor' via factory method to bean named 'transactionInterceptor'
2025-05-17T12:28:22.668+08:00 DEBUG 16316 --- [CampusConnect] [           main] o.s.u.c.s.UiApplicationContextUtils      : Unable to locate ThemeSource with name 'themeSource': using default [org.springframework.ui.context.support.ResourceBundleThemeSource@7134b8a7]
2025-05-17T12:28:22.668+08:00 DEBUG 16316 --- [CampusConnect] [           main] o.s.b.f.s.DefaultListableBeanFactory     : Creating shared instance of singleton bean 'org.springframework.test.context.support.internalDynamicPropertyRegistrarBeanInitializer'
2025-05-17T12:28:22.669+08:00 DEBUG 16316 --- [CampusConnect] [           main] o.s.b.f.s.DefaultListableBeanFactory     : Creating shared instance of singleton bean 'dataSourceScriptDatabaseInitializer'
2025-05-17T12:28:22.669+08:00 DEBUG 16316 --- [CampusConnect] [           main] o.s.b.f.s.DefaultListableBeanFactory     : Creating shared instance of singleton bean 'org.springframework.boot.autoconfigure.sql.init.DataSourceInitializationConfiguration'
2025-05-17T12:28:22.670+08:00 DEBUG 16316 --- [CampusConnect] [           main] o.s.b.f.s.DefaultListableBeanFactory     : Creating shared instance of singleton bean 'dataSource'
2025-05-17T12:28:22.670+08:00 DEBUG 16316 --- [CampusConnect] [           main] o.s.b.f.s.DefaultListableBeanFactory     : Creating shared instance of singleton bean 'org.springframework.boot.autoconfigure.jdbc.DataSourceConfiguration$Hikari'
2025-05-17T12:28:22.670+08:00 DEBUG 16316 --- [CampusConnect] [           main] o.s.b.f.s.DefaultListableBeanFactory     : Creating shared instance of singleton bean 'spring.datasource-org.springframework.boot.autoconfigure.jdbc.DataSourceProperties'
2025-05-17T12:28:22.671+08:00 DEBUG 16316 --- [CampusConnect] [           main] o.s.b.f.s.DefaultListableBeanFactory     : Creating shared instance of singleton bean 'org.springframework.boot.context.properties.BoundConfigurationProperties'
2025-05-17T12:28:22.677+08:00 DEBUG 16316 --- [CampusConnect] [           main] o.s.b.f.s.DefaultListableBeanFactory     : Creating shared instance of singleton bean 'jdbcConnectionDetails'
2025-05-17T12:28:22.678+08:00 DEBUG 16316 --- [CampusConnect] [           main] o.s.b.f.s.DefaultListableBeanFactory     : Creating shared instance of singleton bean 'org.springframework.boot.autoconfigure.jdbc.DataSourceAutoConfiguration$PooledDataSourceConfiguration'
2025-05-17T12:28:22.678+08:00 DEBUG 16316 --- [CampusConnect] [           main] o.s.b.f.s.DefaultListableBeanFactory     : Autowiring by type from bean name 'jdbcConnectionDetails' via factory method to bean named 'spring.datasource-org.springframework.boot.autoconfigure.jdbc.DataSourceProperties'
2025-05-17T12:28:22.679+08:00 DEBUG 16316 --- [CampusConnect] [           main] o.s.b.f.s.DefaultListableBeanFactory     : Autowiring by type from bean name 'dataSource' via factory method to bean named 'spring.datasource-org.springframework.boot.autoconfigure.jdbc.DataSourceProperties'
2025-05-17T12:28:22.679+08:00 DEBUG 16316 --- [CampusConnect] [           main] o.s.b.f.s.DefaultListableBeanFactory     : Autowiring by type from bean name 'dataSource' via factory method to bean named 'jdbcConnectionDetails'
2025-05-17T12:28:22.679+08:00 DEBUG 16316 --- [CampusConnect] [           main] o.s.b.f.s.DefaultListableBeanFactory     : Autowiring by type from bean name 'dataSource' via factory method to bean named 'environment'
2025-05-17T12:28:22.687+08:00 DEBUG 16316 --- [CampusConnect] [           main] com.zaxxer.hikari.HikariConfig           : Driver class org.h2.Driver found in Thread context class loader jdk.internal.loader.ClassLoaders$AppClassLoader@18ff02e4
2025-05-17T12:28:22.697+08:00 DEBUG 16316 --- [CampusConnect] [           main] o.s.b.f.s.DefaultListableBeanFactory     : Creating shared instance of singleton bean 'spring.sql.init-org.springframework.boot.autoconfigure.sql.init.SqlInitializationProperties'
2025-05-17T12:28:22.699+08:00 DEBUG 16316 --- [CampusConnect] [           main] o.s.b.f.s.DefaultListableBeanFactory     : Autowiring by type from bean name 'dataSourceScriptDatabaseInitializer' via factory method to bean named 'dataSource'
2025-05-17T12:28:22.699+08:00 DEBUG 16316 --- [CampusConnect] [           main] o.s.b.f.s.DefaultListableBeanFactory     : Autowiring by type from bean name 'dataSourceScriptDatabaseInitializer' via factory method to bean named 'spring.sql.init-org.springframework.boot.autoconfigure.sql.init.SqlInitializationProperties'
2025-05-17T12:28:22.701+08:00 DEBUG 16316 --- [CampusConnect] [           main] o.s.b.f.s.DefaultListableBeanFactory     : Creating shared instance of singleton bean 'entityManagerFactory'
2025-05-17T12:28:22.701+08:00 DEBUG 16316 --- [CampusConnect] [           main] o.s.b.f.s.DefaultListableBeanFactory     : Creating shared instance of singleton bean 'org.springframework.boot.autoconfigure.orm.jpa.HibernateJpaConfiguration'
2025-05-17T12:28:22.702+08:00 DEBUG 16316 --- [CampusConnect] [           main] o.s.b.f.s.DefaultListableBeanFactory     : Creating shared instance of singleton bean 'spring.jpa-org.springframework.boot.autoconfigure.orm.jpa.JpaProperties'
2025-05-17T12:28:22.705+08:00 DEBUG 16316 --- [CampusConnect] [           main] o.s.b.f.s.DefaultListableBeanFactory     : Creating shared instance of singleton bean 'spring.jpa.hibernate-org.springframework.boot.autoconfigure.orm.jpa.HibernateProperties'
2025-05-17T12:28:22.707+08:00 DEBUG 16316 --- [CampusConnect] [           main] o.s.b.f.s.DefaultListableBeanFactory     : Autowiring by type from bean name 'org.springframework.boot.autoconfigure.orm.jpa.HibernateJpaConfiguration' via constructor to bean named 'dataSource'
2025-05-17T12:28:22.707+08:00 DEBUG 16316 --- [CampusConnect] [           main] o.s.b.f.s.DefaultListableBeanFactory     : Autowiring by type from bean name 'org.springframework.boot.autoconfigure.orm.jpa.HibernateJpaConfiguration' via constructor to bean named 'spring.jpa-org.springframework.boot.autoconfigure.orm.jpa.JpaProperties'
2025-05-17T12:28:22.707+08:00 DEBUG 16316 --- [CampusConnect] [           main] o.s.b.f.s.DefaultListableBeanFactory     : Autowiring by type from bean name 'org.springframework.boot.autoconfigure.orm.jpa.HibernateJpaConfiguration' via constructor to bean named 'org.springframework.beans.factory.support.DefaultListableBeanFactory@aed0151'
2025-05-17T12:28:22.707+08:00 DEBUG 16316 --- [CampusConnect] [           main] o.s.b.f.s.DefaultListableBeanFactory     : Autowiring by type from bean name 'org.springframework.boot.autoconfigure.orm.jpa.HibernateJpaConfiguration' via constructor to bean named 'spring.jpa.hibernate-org.springframework.boot.autoconfigure.orm.jpa.HibernateProperties'
2025-05-17T12:28:22.709+08:00 DEBUG 16316 --- [CampusConnect] [           main] o.s.b.f.s.DefaultListableBeanFactory     : Creating shared instance of singleton bean 'hikariPoolDataSourceMetadataProvider'
2025-05-17T12:28:22.709+08:00 DEBUG 16316 --- [CampusConnect] [           main] o.s.b.f.s.DefaultListableBeanFactory     : Creating shared instance of singleton bean 'org.springframework.boot.autoconfigure.jdbc.metadata.DataSourcePoolMetadataProvidersConfiguration$HikariPoolDataSourceMetadataProviderConfiguration'
2025-05-17T12:28:22.712+08:00 DEBUG 16316 --- [CampusConnect] [           main] o.s.b.f.s.DefaultListableBeanFactory     : Creating shared instance of singleton bean 'entityManagerFactoryBuilder'
2025-05-17T12:28:22.713+08:00 DEBUG 16316 --- [CampusConnect] [           main] o.s.b.f.s.DefaultListableBeanFactory     : Creating shared instance of singleton bean 'jpaVendorAdapter'
2025-05-17T12:28:22.719+08:00 DEBUG 16316 --- [CampusConnect] [           main] org.jboss.logging                        : Logging Provider: org.jboss.logging.Slf4jLoggerProvider found via system property
2025-05-17T12:28:22.721+08:00 DEBUG 16316 --- [CampusConnect] [           main] o.s.b.f.s.DefaultListableBeanFactory     : Autowiring by type from bean name 'entityManagerFactoryBuilder' via factory method to bean named 'jpaVendorAdapter'
2025-05-17T12:28:22.723+08:00 DEBUG 16316 --- [CampusConnect] [           main] o.s.b.f.s.DefaultListableBeanFactory     : Creating shared instance of singleton bean 'persistenceManagedTypes'
2025-05-17T12:28:22.724+08:00 DEBUG 16316 --- [CampusConnect] [           main] o.s.b.f.s.DefaultListableBeanFactory     : Autowiring by type from bean name 'persistenceManagedTypes' via factory method to bean named 'org.springframework.beans.factory.support.DefaultListableBeanFactory@aed0151'
2025-05-17T12:28:22.724+08:00 DEBUG 16316 --- [CampusConnect] [           main] o.s.b.f.s.DefaultListableBeanFactory     : Autowiring by type from bean name 'persistenceManagedTypes' via factory method to bean named 'org.springframework.web.context.support.GenericWebApplicationContext@159e366'
2025-05-17T12:28:22.727+08:00 DEBUG 16316 --- [CampusConnect] [           main] o.s.b.f.s.DefaultListableBeanFactory     : Autowiring by type from bean name 'entityManagerFactory' via factory method to bean named 'entityManagerFactoryBuilder'
2025-05-17T12:28:22.727+08:00 DEBUG 16316 --- [CampusConnect] [           main] o.s.b.f.s.DefaultListableBeanFactory     : Autowiring by type from bean name 'entityManagerFactory' via factory method to bean named 'persistenceManagedTypes'
2025-05-17T12:28:22.734+08:00 DEBUG 16316 --- [CampusConnect] [           main] j.LocalContainerEntityManagerFactoryBean : Building JPA container EntityManagerFactory for persistence unit 'default'
2025-05-17T12:28:22.744+08:00 DEBUG 16316 --- [CampusConnect] [           main] o.hibernate.jpa.internal.util.LogHelper  : PersistenceUnitInfo [
	name: default
	persistence provider classname: null
	classloader: jdk.internal.loader.ClassLoaders$AppClassLoader@18ff02e4
	excludeUnlistedClasses: true
	JTA datasource: null
	Non JTA datasource: HikariDataSource (null)
	Transaction type: RESOURCE_LOCAL
	PU root URL: file:/Users/axcellandicho/Desktop/CODING/campus_connect/target/test-classes/
	Shared Cache Mode: UNSPECIFIED
	Validation Mode: AUTO
	Jar files URLs []
	Managed classes names [
		com.campusconnect.model.Event
		com.campusconnect.model.RSVP
		com.campusconnect.model.User]
	Mapping files names []
	Properties []
2025-05-17T12:28:22.747+08:00 DEBUG 16316 --- [CampusConnect] [           main] o.h.i.internal.IntegratorServiceImpl     : Adding Integrator [org.hibernate.boot.beanvalidation.BeanValidationIntegrator].
2025-05-17T12:28:22.748+08:00 DEBUG 16316 --- [CampusConnect] [           main] o.h.i.internal.IntegratorServiceImpl     : Adding Integrator [org.hibernate.cache.internal.CollectionCacheInvalidator].
2025-05-17T12:28:22.771+08:00  INFO 16316 --- [CampusConnect] [           main] org.hibernate.Version                    : HHH000412: Hibernate ORM core version 6.6.13.Final
2025-05-17T12:28:22.772+08:00 DEBUG 16316 --- [CampusConnect] [           main] org.hibernate.cfg.Environment            : HHH000206: 'hibernate.properties' not found
2025-05-17T12:28:22.782+08:00 DEBUG 16316 --- [CampusConnect] [           main] org.hibernate.orm.idgen.factory          : Registering IdentifierGenerator strategy [uuid2] -> [org.hibernate.id.UUIDGenerator]
2025-05-17T12:28:22.783+08:00 DEBUG 16316 --- [CampusConnect] [           main] org.hibernate.orm.idgen.factory          : Registering IdentifierGenerator strategy [guid] -> [org.hibernate.id.GUIDGenerator]
2025-05-17T12:28:22.783+08:00 DEBUG 16316 --- [CampusConnect] [           main] org.hibernate.orm.idgen.factory          : Registering IdentifierGenerator strategy [uuid] -> [org.hibernate.id.UUIDHexGenerator]
2025-05-17T12:28:22.783+08:00 DEBUG 16316 --- [CampusConnect] [           main] org.hibernate.orm.idgen.factory          : Registering IdentifierGenerator strategy [uuid.hex] -> [org.hibernate.id.UUIDHexGenerator]
2025-05-17T12:28:22.783+08:00 DEBUG 16316 --- [CampusConnect] [           main] org.hibernate.orm.idgen.factory          : Registering IdentifierGenerator strategy [assigned] -> [org.hibernate.id.Assigned]
2025-05-17T12:28:22.783+08:00 DEBUG 16316 --- [CampusConnect] [           main] org.hibernate.orm.idgen.factory          : Registering IdentifierGenerator strategy [identity] -> [org.hibernate.id.IdentityGenerator]
2025-05-17T12:28:22.783+08:00 DEBUG 16316 --- [CampusConnect] [           main] org.hibernate.orm.idgen.factory          : Registering IdentifierGenerator strategy [select] -> [org.hibernate.id.SelectGenerator]
2025-05-17T12:28:22.784+08:00 DEBUG 16316 --- [CampusConnect] [           main] org.hibernate.orm.idgen.factory          : Registering IdentifierGenerator strategy [sequence] -> [org.hibernate.id.enhanced.SequenceStyleGenerator]
2025-05-17T12:28:22.784+08:00 DEBUG 16316 --- [CampusConnect] [           main] org.hibernate.orm.idgen.factory          : Registering IdentifierGenerator strategy [increment] -> [org.hibernate.id.IncrementGenerator]
2025-05-17T12:28:22.784+08:00 DEBUG 16316 --- [CampusConnect] [           main] org.hibernate.orm.idgen.factory          : Registering IdentifierGenerator strategy [foreign] -> [org.hibernate.id.ForeignGenerator]
2025-05-17T12:28:22.784+08:00 DEBUG 16316 --- [CampusConnect] [           main] org.hibernate.orm.idgen.factory          : Registering IdentifierGenerator strategy [enhanced-sequence] -> [org.hibernate.id.enhanced.SequenceStyleGenerator]
2025-05-17T12:28:22.785+08:00 DEBUG 16316 --- [CampusConnect] [           main] org.hibernate.orm.idgen.factory          : Registering IdentifierGenerator strategy [enhanced-table] -> [org.hibernate.id.enhanced.TableGenerator]
2025-05-17T12:28:22.787+08:00 DEBUG 16316 --- [CampusConnect] [           main] o.h.c.internal.RegionFactoryInitiator    : Cannot default RegionFactory based on registered strategies as `[]` RegionFactory strategies were registered
2025-05-17T12:28:22.788+08:00  INFO 16316 --- [CampusConnect] [           main] o.h.c.internal.RegionFactoryInitiator    : HHH000026: Second-level cache disabled
2025-05-17T12:28:22.824+08:00 DEBUG 16316 --- [CampusConnect] [           main] org.hibernate.type.BasicTypeRegistry     : Adding type registration boolean -> org.hibernate.type.BasicTypeReference@2dba05b1
2025-05-17T12:28:22.824+08:00 DEBUG 16316 --- [CampusConnect] [           main] org.hibernate.type.BasicTypeRegistry     : Adding type registration boolean -> org.hibernate.type.BasicTypeReference@2dba05b1
2025-05-17T12:28:22.825+08:00 DEBUG 16316 --- [CampusConnect] [           main] org.hibernate.type.BasicTypeRegistry     : Adding type registration java.lang.Boolean -> org.hibernate.type.BasicTypeReference@2dba05b1
2025-05-17T12:28:22.825+08:00 DEBUG 16316 --- [CampusConnect] [           main] org.hibernate.type.BasicTypeRegistry     : Adding type registration numeric_boolean -> org.hibernate.type.BasicTypeReference@541afb85
2025-05-17T12:28:22.825+08:00 DEBUG 16316 --- [CampusConnect] [           main] org.hibernate.type.BasicTypeRegistry     : Adding type registration org.hibernate.type.NumericBooleanConverter -> org.hibernate.type.BasicTypeReference@541afb85
2025-05-17T12:28:22.825+08:00 DEBUG 16316 --- [CampusConnect] [           main] org.hibernate.type.BasicTypeRegistry     : Adding type registration true_false -> org.hibernate.type.BasicTypeReference@445bce9a
2025-05-17T12:28:22.825+08:00 DEBUG 16316 --- [CampusConnect] [           main] org.hibernate.type.BasicTypeRegistry     : Adding type registration org.hibernate.type.TrueFalseConverter -> org.hibernate.type.BasicTypeReference@445bce9a
2025-05-17T12:28:22.825+08:00 DEBUG 16316 --- [CampusConnect] [           main] org.hibernate.type.BasicTypeRegistry     : Adding type registration yes_no -> org.hibernate.type.BasicTypeReference@7db40fd5
2025-05-17T12:28:22.825+08:00 DEBUG 16316 --- [CampusConnect] [           main] org.hibernate.type.BasicTypeRegistry     : Adding type registration org.hibernate.type.YesNoConverter -> org.hibernate.type.BasicTypeReference@7db40fd5
2025-05-17T12:28:22.825+08:00 DEBUG 16316 --- [CampusConnect] [           main] org.hibernate.type.BasicTypeRegistry     : Adding type registration byte -> org.hibernate.type.BasicTypeReference@5e1a5f
2025-05-17T12:28:22.825+08:00 DEBUG 16316 --- [CampusConnect] [           main] org.hibernate.type.BasicTypeRegistry     : Adding type registration byte -> org.hibernate.type.BasicTypeReference@5e1a5f
2025-05-17T12:28:22.825+08:00 DEBUG 16316 --- [CampusConnect] [           main] org.hibernate.type.BasicTypeRegistry     : Adding type registration java.lang.Byte -> org.hibernate.type.BasicTypeReference@5e1a5f
2025-05-17T12:28:22.825+08:00 DEBUG 16316 --- [CampusConnect] [           main] org.hibernate.type.BasicTypeRegistry     : Adding type registration binary -> org.hibernate.type.BasicTypeReference@31b0f02
2025-05-17T12:28:22.825+08:00 DEBUG 16316 --- [CampusConnect] [           main] org.hibernate.type.BasicTypeRegistry     : Adding type registration byte[] -> org.hibernate.type.BasicTypeReference@31b0f02
2025-05-17T12:28:22.825+08:00 DEBUG 16316 --- [CampusConnect] [           main] org.hibernate.type.BasicTypeRegistry     : Adding type registration [B -> org.hibernate.type.BasicTypeReference@31b0f02
2025-05-17T12:28:22.825+08:00 DEBUG 16316 --- [CampusConnect] [           main] org.hibernate.type.BasicTypeRegistry     : Adding type registration binary_wrapper -> org.hibernate.type.BasicTypeReference@19ae2ee5
2025-05-17T12:28:22.825+08:00 DEBUG 16316 --- [CampusConnect] [           main] org.hibernate.type.BasicTypeRegistry     : Adding type registration wrapper-binary -> org.hibernate.type.BasicTypeReference@19ae2ee5
2025-05-17T12:28:22.825+08:00 DEBUG 16316 --- [CampusConnect] [           main] org.hibernate.type.BasicTypeRegistry     : Adding type registration image -> org.hibernate.type.BasicTypeReference@44b940a2
2025-05-17T12:28:22.825+08:00 DEBUG 16316 --- [CampusConnect] [           main] org.hibernate.type.BasicTypeRegistry     : Adding type registration blob -> org.hibernate.type.BasicTypeReference@34c53688
2025-05-17T12:28:22.825+08:00 DEBUG 16316 --- [CampusConnect] [           main] org.hibernate.type.BasicTypeRegistry     : Adding type registration java.sql.Blob -> org.hibernate.type.BasicTypeReference@34c53688
2025-05-17T12:28:22.825+08:00 DEBUG 16316 --- [CampusConnect] [           main] org.hibernate.type.BasicTypeRegistry     : Adding type registration materialized_blob -> org.hibernate.type.BasicTypeReference@6ffd4c0d
2025-05-17T12:28:22.825+08:00 DEBUG 16316 --- [CampusConnect] [           main] org.hibernate.type.BasicTypeRegistry     : Adding type registration materialized_blob_wrapper -> org.hibernate.type.BasicTypeReference@74c9e11
2025-05-17T12:28:22.825+08:00 DEBUG 16316 --- [CampusConnect] [           main] org.hibernate.type.BasicTypeRegistry     : Adding type registration short -> org.hibernate.type.BasicTypeReference@9fe720a
2025-05-17T12:28:22.825+08:00 DEBUG 16316 --- [CampusConnect] [           main] org.hibernate.type.BasicTypeRegistry     : Adding type registration short -> org.hibernate.type.BasicTypeReference@9fe720a
2025-05-17T12:28:22.825+08:00 DEBUG 16316 --- [CampusConnect] [           main] org.hibernate.type.BasicTypeRegistry     : Adding type registration java.lang.Short -> org.hibernate.type.BasicTypeReference@9fe720a
2025-05-17T12:28:22.826+08:00 DEBUG 16316 --- [CampusConnect] [           main] org.hibernate.type.BasicTypeRegistry     : Adding type registration integer -> org.hibernate.type.BasicTypeReference@149274cb
2025-05-17T12:28:22.826+08:00 DEBUG 16316 --- [CampusConnect] [           main] org.hibernate.type.BasicTypeRegistry     : Adding type registration int -> org.hibernate.type.BasicTypeReference@149274cb
2025-05-17T12:28:22.826+08:00 DEBUG 16316 --- [CampusConnect] [           main] org.hibernate.type.BasicTypeRegistry     : Adding type registration java.lang.Integer -> org.hibernate.type.BasicTypeReference@149274cb
2025-05-17T12:28:22.826+08:00 DEBUG 16316 --- [CampusConnect] [           main] org.hibernate.type.BasicTypeRegistry     : Adding type registration long -> org.hibernate.type.BasicTypeReference@118acf70
2025-05-17T12:28:22.826+08:00 DEBUG 16316 --- [CampusConnect] [           main] org.hibernate.type.BasicTypeRegistry     : Adding type registration long -> org.hibernate.type.BasicTypeReference@118acf70
2025-05-17T12:28:22.826+08:00 DEBUG 16316 --- [CampusConnect] [           main] org.hibernate.type.BasicTypeRegistry     : Adding type registration java.lang.Long -> org.hibernate.type.BasicTypeReference@118acf70
2025-05-17T12:28:22.826+08:00 DEBUG 16316 --- [CampusConnect] [           main] org.hibernate.type.BasicTypeRegistry     : Adding type registration float -> org.hibernate.type.BasicTypeReference@72557746
2025-05-17T12:28:22.826+08:00 DEBUG 16316 --- [CampusConnect] [           main] org.hibernate.type.BasicTypeRegistry     : Adding type registration float -> org.hibernate.type.BasicTypeReference@72557746
2025-05-17T12:28:22.826+08:00 DEBUG 16316 --- [CampusConnect] [           main] org.hibernate.type.BasicTypeRegistry     : Adding type registration java.lang.Float -> org.hibernate.type.BasicTypeReference@72557746
2025-05-17T12:28:22.826+08:00 DEBUG 16316 --- [CampusConnect] [           main] org.hibernate.type.BasicTypeRegistry     : Adding type registration double -> org.hibernate.type.BasicTypeReference@8c12524
2025-05-17T12:28:22.826+08:00 DEBUG 16316 --- [CampusConnect] [           main] org.hibernate.type.BasicTypeRegistry     : Adding type registration double -> org.hibernate.type.BasicTypeReference@8c12524
2025-05-17T12:28:22.826+08:00 DEBUG 16316 --- [CampusConnect] [           main] org.hibernate.type.BasicTypeRegistry     : Adding type registration java.lang.Double -> org.hibernate.type.BasicTypeReference@8c12524
2025-05-17T12:28:22.826+08:00 DEBUG 16316 --- [CampusConnect] [           main] org.hibernate.type.BasicTypeRegistry     : Adding type registration big_integer -> org.hibernate.type.BasicTypeReference@f723cdb
2025-05-17T12:28:22.826+08:00 DEBUG 16316 --- [CampusConnect] [           main] org.hibernate.type.BasicTypeRegistry     : Adding type registration java.math.BigInteger -> org.hibernate.type.BasicTypeReference@f723cdb
2025-05-17T12:28:22.826+08:00 DEBUG 16316 --- [CampusConnect] [           main] org.hibernate.type.BasicTypeRegistry     : Adding type registration big_decimal -> org.hibernate.type.BasicTypeReference@4844930a
2025-05-17T12:28:22.826+08:00 DEBUG 16316 --- [CampusConnect] [           main] org.hibernate.type.BasicTypeRegistry     : Adding type registration java.math.BigDecimal -> org.hibernate.type.BasicTypeReference@4844930a
2025-05-17T12:28:22.826+08:00 DEBUG 16316 --- [CampusConnect] [           main] org.hibernate.type.BasicTypeRegistry     : Adding type registration character -> org.hibernate.type.BasicTypeReference@11f23203
2025-05-17T12:28:22.826+08:00 DEBUG 16316 --- [CampusConnect] [           main] org.hibernate.type.BasicTypeRegistry     : Adding type registration char -> org.hibernate.type.BasicTypeReference@11f23203
2025-05-17T12:28:22.826+08:00 DEBUG 16316 --- [CampusConnect] [           main] org.hibernate.type.BasicTypeRegistry     : Adding type registration java.lang.Character -> org.hibernate.type.BasicTypeReference@11f23203
2025-05-17T12:28:22.826+08:00 DEBUG 16316 --- [CampusConnect] [           main] org.hibernate.type.BasicTypeRegistry     : Adding type registration character_nchar -> org.hibernate.type.BasicTypeReference@101bdd1c
2025-05-17T12:28:22.826+08:00 DEBUG 16316 --- [CampusConnect] [           main] org.hibernate.type.BasicTypeRegistry     : Adding type registration string -> org.hibernate.type.BasicTypeReference@e91af20
2025-05-17T12:28:22.826+08:00 DEBUG 16316 --- [CampusConnect] [           main] org.hibernate.type.BasicTypeRegistry     : Adding type registration java.lang.String -> org.hibernate.type.BasicTypeReference@e91af20
2025-05-17T12:28:22.826+08:00 DEBUG 16316 --- [CampusConnect] [           main] org.hibernate.type.BasicTypeRegistry     : Adding type registration nstring -> org.hibernate.type.BasicTypeReference@6221b13b
2025-05-17T12:28:22.826+08:00 DEBUG 16316 --- [CampusConnect] [           main] org.hibernate.type.BasicTypeRegistry     : Adding type registration characters -> org.hibernate.type.BasicTypeReference@62c3f556
2025-05-17T12:28:22.826+08:00 DEBUG 16316 --- [CampusConnect] [           main] org.hibernate.type.BasicTypeRegistry     : Adding type registration char[] -> org.hibernate.type.BasicTypeReference@62c3f556
2025-05-17T12:28:22.826+08:00 DEBUG 16316 --- [CampusConnect] [           main] org.hibernate.type.BasicTypeRegistry     : Adding type registration [C -> org.hibernate.type.BasicTypeReference@62c3f556
2025-05-17T12:28:22.826+08:00 DEBUG 16316 --- [CampusConnect] [           main] org.hibernate.type.BasicTypeRegistry     : Adding type registration wrapper-characters -> org.hibernate.type.BasicTypeReference@2cfe272f
2025-05-17T12:28:22.827+08:00 DEBUG 16316 --- [CampusConnect] [           main] org.hibernate.type.BasicTypeRegistry     : Adding type registration text -> org.hibernate.type.BasicTypeReference@2f95653f
2025-05-17T12:28:22.827+08:00 DEBUG 16316 --- [CampusConnect] [           main] org.hibernate.type.BasicTypeRegistry     : Adding type registration ntext -> org.hibernate.type.BasicTypeReference@4052b19f
2025-05-17T12:28:22.827+08:00 DEBUG 16316 --- [CampusConnect] [           main] org.hibernate.type.BasicTypeRegistry     : Adding type registration clob -> org.hibernate.type.BasicTypeReference@3dc68586
2025-05-17T12:28:22.827+08:00 DEBUG 16316 --- [CampusConnect] [           main] org.hibernate.type.BasicTypeRegistry     : Adding type registration java.sql.Clob -> org.hibernate.type.BasicTypeReference@3dc68586
2025-05-17T12:28:22.827+08:00 DEBUG 16316 --- [CampusConnect] [           main] org.hibernate.type.BasicTypeRegistry     : Adding type registration nclob -> org.hibernate.type.BasicTypeReference@60dc1a4e
2025-05-17T12:28:22.827+08:00 DEBUG 16316 --- [CampusConnect] [           main] org.hibernate.type.BasicTypeRegistry     : Adding type registration java.sql.NClob -> org.hibernate.type.BasicTypeReference@60dc1a4e
2025-05-17T12:28:22.827+08:00 DEBUG 16316 --- [CampusConnect] [           main] org.hibernate.type.BasicTypeRegistry     : Adding type registration materialized_clob -> org.hibernate.type.BasicTypeReference@646427f7
2025-05-17T12:28:22.827+08:00 DEBUG 16316 --- [CampusConnect] [           main] org.hibernate.type.BasicTypeRegistry     : Adding type registration materialized_clob_char_array -> org.hibernate.type.BasicTypeReference@31efacad
2025-05-17T12:28:22.827+08:00 DEBUG 16316 --- [CampusConnect] [           main] org.hibernate.type.BasicTypeRegistry     : Adding type registration materialized_clob_character_array -> org.hibernate.type.BasicTypeReference@380ce5a3
2025-05-17T12:28:22.827+08:00 DEBUG 16316 --- [CampusConnect] [           main] org.hibernate.type.BasicTypeRegistry     : Adding type registration materialized_nclob -> org.hibernate.type.BasicTypeReference@38029686
2025-05-17T12:28:22.827+08:00 DEBUG 16316 --- [CampusConnect] [           main] org.hibernate.type.BasicTypeRegistry     : Adding type registration materialized_nclob_character_array -> org.hibernate.type.BasicTypeReference@7d9c45ee
2025-05-17T12:28:22.827+08:00 DEBUG 16316 --- [CampusConnect] [           main] org.hibernate.type.BasicTypeRegistry     : Adding type registration materialized_nclob_char_array -> org.hibernate.type.BasicTypeReference@31da0434
2025-05-17T12:28:22.827+08:00 DEBUG 16316 --- [CampusConnect] [           main] org.hibernate.type.BasicTypeRegistry     : Adding type registration Duration -> org.hibernate.type.BasicTypeReference@6e24ce51
2025-05-17T12:28:22.827+08:00 DEBUG 16316 --- [CampusConnect] [           main] org.hibernate.type.BasicTypeRegistry     : Adding type registration java.time.Duration -> org.hibernate.type.BasicTypeReference@6e24ce51
2025-05-17T12:28:22.827+08:00 DEBUG 16316 --- [CampusConnect] [           main] org.hibernate.type.BasicTypeRegistry     : Adding type registration LocalDateTime -> org.hibernate.type.BasicTypeReference@423ed3b5
2025-05-17T12:28:22.827+08:00 DEBUG 16316 --- [CampusConnect] [           main] org.hibernate.type.BasicTypeRegistry     : Adding type registration java.time.LocalDateTime -> org.hibernate.type.BasicTypeReference@423ed3b5
2025-05-17T12:28:22.827+08:00 DEBUG 16316 --- [CampusConnect] [           main] org.hibernate.type.BasicTypeRegistry     : Adding type registration LocalDate -> org.hibernate.type.BasicTypeReference@5d124d29
2025-05-17T12:28:22.827+08:00 DEBUG 16316 --- [CampusConnect] [           main] org.hibernate.type.BasicTypeRegistry     : Adding type registration java.time.LocalDate -> org.hibernate.type.BasicTypeReference@5d124d29
2025-05-17T12:28:22.827+08:00 DEBUG 16316 --- [CampusConnect] [           main] org.hibernate.type.BasicTypeRegistry     : Adding type registration LocalTime -> org.hibernate.type.BasicTypeReference@3c88191b
2025-05-17T12:28:22.827+08:00 DEBUG 16316 --- [CampusConnect] [           main] org.hibernate.type.BasicTypeRegistry     : Adding type registration java.time.LocalTime -> org.hibernate.type.BasicTypeReference@3c88191b
2025-05-17T12:28:22.827+08:00 DEBUG 16316 --- [CampusConnect] [           main] org.hibernate.type.BasicTypeRegistry     : Adding type registration OffsetDateTime -> org.hibernate.type.BasicTypeReference@74960e9d
2025-05-17T12:28:22.827+08:00 DEBUG 16316 --- [CampusConnect] [           main] org.hibernate.type.BasicTypeRegistry     : Adding type registration java.time.OffsetDateTime -> org.hibernate.type.BasicTypeReference@74960e9d
2025-05-17T12:28:22.827+08:00 DEBUG 16316 --- [CampusConnect] [           main] org.hibernate.type.BasicTypeRegistry     : Adding type registration OffsetDateTimeWithTimezone -> org.hibernate.type.BasicTypeReference@4001d8c1
2025-05-17T12:28:22.827+08:00 DEBUG 16316 --- [CampusConnect] [           main] org.hibernate.type.BasicTypeRegistry     : Adding type registration OffsetDateTimeWithoutTimezone -> org.hibernate.type.BasicTypeReference@fb5aeed
2025-05-17T12:28:22.827+08:00 DEBUG 16316 --- [CampusConnect] [           main] org.hibernate.type.BasicTypeRegistry     : Adding type registration OffsetTime -> org.hibernate.type.BasicTypeReference@73893ec1
2025-05-17T12:28:22.828+08:00 DEBUG 16316 --- [CampusConnect] [           main] org.hibernate.type.BasicTypeRegistry     : Adding type registration java.time.OffsetTime -> org.hibernate.type.BasicTypeReference@73893ec1
2025-05-17T12:28:22.828+08:00 DEBUG 16316 --- [CampusConnect] [           main] org.hibernate.type.BasicTypeRegistry     : Adding type registration OffsetTimeUtc -> org.hibernate.type.BasicTypeReference@37af24cb
2025-05-17T12:28:22.828+08:00 DEBUG 16316 --- [CampusConnect] [           main] org.hibernate.type.BasicTypeRegistry     : Adding type registration OffsetTimeWithTimezone -> org.hibernate.type.BasicTypeReference@7926352f
2025-05-17T12:28:22.828+08:00 DEBUG 16316 --- [CampusConnect] [           main] org.hibernate.type.BasicTypeRegistry     : Adding type registration OffsetTimeWithoutTimezone -> org.hibernate.type.BasicTypeReference@5bc63e20
2025-05-17T12:28:22.828+08:00 DEBUG 16316 --- [CampusConnect] [           main] org.hibernate.type.BasicTypeRegistry     : Adding type registration ZonedDateTime -> org.hibernate.type.BasicTypeReference@61037caf
2025-05-17T12:28:22.828+08:00 DEBUG 16316 --- [CampusConnect] [           main] org.hibernate.type.BasicTypeRegistry     : Adding type registration java.time.ZonedDateTime -> org.hibernate.type.BasicTypeReference@61037caf
2025-05-17T12:28:22.828+08:00 DEBUG 16316 --- [CampusConnect] [           main] org.hibernate.type.BasicTypeRegistry     : Adding type registration ZonedDateTimeWithTimezone -> org.hibernate.type.BasicTypeReference@2fc49538
2025-05-17T12:28:22.828+08:00 DEBUG 16316 --- [CampusConnect] [           main] org.hibernate.type.BasicTypeRegistry     : Adding type registration ZonedDateTimeWithoutTimezone -> org.hibernate.type.BasicTypeReference@670342a2
2025-05-17T12:28:22.828+08:00 DEBUG 16316 --- [CampusConnect] [           main] org.hibernate.type.BasicTypeRegistry     : Adding type registration date -> org.hibernate.type.BasicTypeReference@d5e575c
2025-05-17T12:28:22.828+08:00 DEBUG 16316 --- [CampusConnect] [           main] org.hibernate.type.BasicTypeRegistry     : Adding type registration java.sql.Date -> org.hibernate.type.BasicTypeReference@d5e575c
2025-05-17T12:28:22.828+08:00 DEBUG 16316 --- [CampusConnect] [           main] org.hibernate.type.BasicTypeRegistry     : Adding type registration time -> org.hibernate.type.BasicTypeReference@7742a45c
2025-05-17T12:28:22.828+08:00 DEBUG 16316 --- [CampusConnect] [           main] org.hibernate.type.BasicTypeRegistry     : Adding type registration java.sql.Time -> org.hibernate.type.BasicTypeReference@7742a45c
2025-05-17T12:28:22.828+08:00 DEBUG 16316 --- [CampusConnect] [           main] org.hibernate.type.BasicTypeRegistry     : Adding type registration timestamp -> org.hibernate.type.BasicTypeReference@7ca492d9
2025-05-17T12:28:22.828+08:00 DEBUG 16316 --- [CampusConnect] [           main] org.hibernate.type.BasicTypeRegistry     : Adding type registration java.sql.Timestamp -> org.hibernate.type.BasicTypeReference@7ca492d9
2025-05-17T12:28:22.828+08:00 DEBUG 16316 --- [CampusConnect] [           main] org.hibernate.type.BasicTypeRegistry     : Adding type registration java.util.Date -> org.hibernate.type.BasicTypeReference@7ca492d9
2025-05-17T12:28:22.828+08:00 DEBUG 16316 --- [CampusConnect] [           main] org.hibernate.type.BasicTypeRegistry     : Adding type registration calendar -> org.hibernate.type.BasicTypeReference@14fc9bd
2025-05-17T12:28:22.828+08:00 DEBUG 16316 --- [CampusConnect] [           main] org.hibernate.type.BasicTypeRegistry     : Adding type registration java.util.Calendar -> org.hibernate.type.BasicTypeReference@14fc9bd
2025-05-17T12:28:22.828+08:00 DEBUG 16316 --- [CampusConnect] [           main] org.hibernate.type.BasicTypeRegistry     : Adding type registration java.util.GregorianCalendar -> org.hibernate.type.BasicTypeReference@14fc9bd
2025-05-17T12:28:22.828+08:00 DEBUG 16316 --- [CampusConnect] [           main] org.hibernate.type.BasicTypeRegistry     : Adding type registration calendar_date -> org.hibernate.type.BasicTypeReference@7ed49a7f
2025-05-17T12:28:22.828+08:00 DEBUG 16316 --- [CampusConnect] [           main] org.hibernate.type.BasicTypeRegistry     : Adding type registration calendar_time -> org.hibernate.type.BasicTypeReference@1cd6b1bd
2025-05-17T12:28:22.828+08:00 DEBUG 16316 --- [CampusConnect] [           main] org.hibernate.type.BasicTypeRegistry     : Adding type registration instant -> org.hibernate.type.BasicTypeReference@443cdaa4
2025-05-17T12:28:22.828+08:00 DEBUG 16316 --- [CampusConnect] [           main] org.hibernate.type.BasicTypeRegistry     : Adding type registration java.time.Instant -> org.hibernate.type.BasicTypeReference@443cdaa4
2025-05-17T12:28:22.828+08:00 DEBUG 16316 --- [CampusConnect] [           main] org.hibernate.type.BasicTypeRegistry     : Adding type registration uuid -> org.hibernate.type.BasicTypeReference@3b41e1bf
2025-05-17T12:28:22.828+08:00 DEBUG 16316 --- [CampusConnect] [           main] org.hibernate.type.BasicTypeRegistry     : Adding type registration java.util.UUID -> org.hibernate.type.BasicTypeReference@3b41e1bf
2025-05-17T12:28:22.828+08:00 DEBUG 16316 --- [CampusConnect] [           main] org.hibernate.type.BasicTypeRegistry     : Adding type registration pg-uuid -> org.hibernate.type.BasicTypeReference@3b41e1bf
2025-05-17T12:28:22.828+08:00 DEBUG 16316 --- [CampusConnect] [           main] org.hibernate.type.BasicTypeRegistry     : Adding type registration uuid-binary -> org.hibernate.type.BasicTypeReference@619c93ca
2025-05-17T12:28:22.828+08:00 DEBUG 16316 --- [CampusConnect] [           main] org.hibernate.type.BasicTypeRegistry     : Adding type registration uuid-char -> org.hibernate.type.BasicTypeReference@486e9d1d
2025-05-17T12:28:22.829+08:00 DEBUG 16316 --- [CampusConnect] [           main] org.hibernate.type.BasicTypeRegistry     : Adding type registration class -> org.hibernate.type.BasicTypeReference@6aa5974e
2025-05-17T12:28:22.829+08:00 DEBUG 16316 --- [CampusConnect] [           main] org.hibernate.type.BasicTypeRegistry     : Adding type registration java.lang.Class -> org.hibernate.type.BasicTypeReference@6aa5974e
2025-05-17T12:28:22.829+08:00 DEBUG 16316 --- [CampusConnect] [           main] org.hibernate.type.BasicTypeRegistry     : Adding type registration currency -> org.hibernate.type.BasicTypeReference@5e5ddfbc
2025-05-17T12:28:22.829+08:00 DEBUG 16316 --- [CampusConnect] [           main] org.hibernate.type.BasicTypeRegistry     : Adding type registration Currency -> org.hibernate.type.BasicTypeReference@5e5ddfbc
2025-05-17T12:28:22.829+08:00 DEBUG 16316 --- [CampusConnect] [           main] org.hibernate.type.BasicTypeRegistry     : Adding type registration java.util.Currency -> org.hibernate.type.BasicTypeReference@5e5ddfbc
2025-05-17T12:28:22.829+08:00 DEBUG 16316 --- [CampusConnect] [           main] org.hibernate.type.BasicTypeRegistry     : Adding type registration locale -> org.hibernate.type.BasicTypeReference@67e0fd6d
2025-05-17T12:28:22.829+08:00 DEBUG 16316 --- [CampusConnect] [           main] org.hibernate.type.BasicTypeRegistry     : Adding type registration java.util.Locale -> org.hibernate.type.BasicTypeReference@67e0fd6d
2025-05-17T12:28:22.829+08:00 DEBUG 16316 --- [CampusConnect] [           main] org.hibernate.type.BasicTypeRegistry     : Adding type registration serializable -> org.hibernate.type.BasicTypeReference@21390938
2025-05-17T12:28:22.829+08:00 DEBUG 16316 --- [CampusConnect] [           main] org.hibernate.type.BasicTypeRegistry     : Adding type registration java.io.Serializable -> org.hibernate.type.BasicTypeReference@21390938
2025-05-17T12:28:22.829+08:00 DEBUG 16316 --- [CampusConnect] [           main] org.hibernate.type.BasicTypeRegistry     : Adding type registration timezone -> org.hibernate.type.BasicTypeReference@1129829c
2025-05-17T12:28:22.829+08:00 DEBUG 16316 --- [CampusConnect] [           main] org.hibernate.type.BasicTypeRegistry     : Adding type registration java.util.TimeZone -> org.hibernate.type.BasicTypeReference@1129829c
2025-05-17T12:28:22.829+08:00 DEBUG 16316 --- [CampusConnect] [           main] org.hibernate.type.BasicTypeRegistry     : Adding type registration ZoneOffset -> org.hibernate.type.BasicTypeReference@1a531422
2025-05-17T12:28:22.830+08:00 DEBUG 16316 --- [CampusConnect] [           main] org.hibernate.type.BasicTypeRegistry     : Adding type registration java.time.ZoneOffset -> org.hibernate.type.BasicTypeReference@1a531422
2025-05-17T12:28:22.830+08:00 DEBUG 16316 --- [CampusConnect] [           main] org.hibernate.type.BasicTypeRegistry     : Adding type registration url -> org.hibernate.type.BasicTypeReference@7a388990
2025-05-17T12:28:22.830+08:00 DEBUG 16316 --- [CampusConnect] [           main] org.hibernate.type.BasicTypeRegistry     : Adding type registration java.net.URL -> org.hibernate.type.BasicTypeReference@7a388990
2025-05-17T12:28:22.830+08:00 DEBUG 16316 --- [CampusConnect] [           main] org.hibernate.type.BasicTypeRegistry     : Adding type registration vector -> org.hibernate.type.BasicTypeReference@13213f26
2025-05-17T12:28:22.830+08:00 DEBUG 16316 --- [CampusConnect] [           main] org.hibernate.type.BasicTypeRegistry     : Adding type registration float_vector -> org.hibernate.type.BasicTypeReference@4e4162bc
2025-05-17T12:28:22.830+08:00 DEBUG 16316 --- [CampusConnect] [           main] org.hibernate.type.BasicTypeRegistry     : Adding type registration double_vector -> org.hibernate.type.BasicTypeReference@4c319d52
2025-05-17T12:28:22.830+08:00 DEBUG 16316 --- [CampusConnect] [           main] org.hibernate.type.BasicTypeRegistry     : Adding type registration byte_vector -> org.hibernate.type.BasicTypeReference@72fbf94d
2025-05-17T12:28:22.830+08:00 DEBUG 16316 --- [CampusConnect] [           main] org.hibernate.type.BasicTypeRegistry     : Adding type registration row_version -> org.hibernate.type.BasicTypeReference@6839203b
2025-05-17T12:28:22.833+08:00 DEBUG 16316 --- [CampusConnect] [           main] org.hibernate.type.BasicTypeRegistry     : Adding type registration object -> org.hibernate.type.JavaObjectType@57bd6a8f
2025-05-17T12:28:22.833+08:00 DEBUG 16316 --- [CampusConnect] [           main] org.hibernate.type.BasicTypeRegistry     : Adding type registration java.lang.Object -> org.hibernate.type.JavaObjectType@57bd6a8f
2025-05-17T12:28:22.833+08:00 DEBUG 16316 --- [CampusConnect] [           main] org.hibernate.type.BasicTypeRegistry     : Adding type registration null -> org.hibernate.type.NullType@16a3cc88
2025-05-17T12:28:22.833+08:00 DEBUG 16316 --- [CampusConnect] [           main] org.hibernate.type.BasicTypeRegistry     : Adding type registration imm_date -> org.hibernate.type.BasicTypeReference@696b52bc
2025-05-17T12:28:22.833+08:00 DEBUG 16316 --- [CampusConnect] [           main] org.hibernate.type.BasicTypeRegistry     : Adding type registration imm_time -> org.hibernate.type.BasicTypeReference@1f884bd6
2025-05-17T12:28:22.833+08:00 DEBUG 16316 --- [CampusConnect] [           main] org.hibernate.type.BasicTypeRegistry     : Adding type registration imm_timestamp -> org.hibernate.type.BasicTypeReference@4f081b5d
2025-05-17T12:28:22.833+08:00 DEBUG 16316 --- [CampusConnect] [           main] org.hibernate.type.BasicTypeRegistry     : Adding type registration imm_calendar -> org.hibernate.type.BasicTypeReference@474749b8
2025-05-17T12:28:22.833+08:00 DEBUG 16316 --- [CampusConnect] [           main] org.hibernate.type.BasicTypeRegistry     : Adding type registration imm_calendar_date -> org.hibernate.type.BasicTypeReference@740a0d5e
2025-05-17T12:28:22.833+08:00 DEBUG 16316 --- [CampusConnect] [           main] org.hibernate.type.BasicTypeRegistry     : Adding type registration imm_calendar_time -> org.hibernate.type.BasicTypeReference@29013ef2
2025-05-17T12:28:22.834+08:00 DEBUG 16316 --- [CampusConnect] [           main] org.hibernate.type.BasicTypeRegistry     : Adding type registration imm_binary -> org.hibernate.type.BasicTypeReference@265c1a7c
2025-05-17T12:28:22.834+08:00 DEBUG 16316 --- [CampusConnect] [           main] org.hibernate.type.BasicTypeRegistry     : Adding type registration imm_serializable -> org.hibernate.type.BasicTypeReference@5b2b8d86
2025-05-17T12:28:22.836+08:00 DEBUG 16316 --- [CampusConnect] [           main] o.h.boot.internal.BootstrapContextImpl   : Injecting JPA temp ClassLoader [org.springframework.instrument.classloading.SimpleThrowawayClassLoader@1e00bfe2] into BootstrapContext; was [null]
2025-05-17T12:28:22.836+08:00 DEBUG 16316 --- [CampusConnect] [           main] o.h.boot.internal.ClassLoaderAccessImpl  : ClassLoaderAccessImpl#injectTempClassLoader(org.springframework.instrument.classloading.SimpleThrowawayClassLoader@1e00bfe2) [was null]
2025-05-17T12:28:22.836+08:00 DEBUG 16316 --- [CampusConnect] [           main] o.h.boot.internal.BootstrapContextImpl   : Injecting ScanEnvironment [org.hibernate.jpa.boot.internal.StandardJpaScanEnvironmentImpl@3830b06c] into BootstrapContext; was [null]
2025-05-17T12:28:22.836+08:00 DEBUG 16316 --- [CampusConnect] [           main] o.h.boot.internal.BootstrapContextImpl   : Injecting ScanOptions [org.hibernate.boot.archive.scan.internal.StandardScanOptions@3e28d779] into BootstrapContext; was [org.hibernate.boot.archive.scan.internal.StandardScanOptions@15214920]
2025-05-17T12:28:22.843+08:00 DEBUG 16316 --- [CampusConnect] [           main] o.h.j.b.i.PersistenceUnitInfoDescriptor  : Pushing class transformers for PU named 'default' on loading classloader jdk.internal.loader.ClassLoaders$AppClassLoader@18ff02e4
2025-05-17T12:28:22.931+08:00  INFO 16316 --- [CampusConnect] [           main] o.s.o.j.p.SpringPersistenceUnitInfo      : No LoadTimeWeaver setup: ignoring JPA class transformer
2025-05-17T12:28:22.931+08:00 DEBUG 16316 --- [CampusConnect] [           main] o.h.boot.internal.BootstrapContextImpl   : Injecting JPA temp ClassLoader [null] into BootstrapContext; was [org.springframework.instrument.classloading.SimpleThrowawayClassLoader@1e00bfe2]
2025-05-17T12:28:22.931+08:00 DEBUG 16316 --- [CampusConnect] [           main] o.h.boot.internal.ClassLoaderAccessImpl  : ClassLoaderAccessImpl#injectTempClassLoader(null) [was org.springframework.instrument.classloading.SimpleThrowawayClassLoader@1e00bfe2]
2025-05-17T12:28:22.946+08:00 DEBUG 16316 --- [CampusConnect] [           main] com.zaxxer.hikari.HikariConfig           : HikariPool-1 - configuration:
2025-05-17T12:28:22.948+08:00 DEBUG 16316 --- [CampusConnect] [           main] com.zaxxer.hikari.HikariConfig           : allowPoolSuspension.............false
2025-05-17T12:28:22.948+08:00 DEBUG 16316 --- [CampusConnect] [           main] com.zaxxer.hikari.HikariConfig           : autoCommit......................true
2025-05-17T12:28:22.948+08:00 DEBUG 16316 --- [CampusConnect] [           main] com.zaxxer.hikari.HikariConfig           : catalog.........................none
2025-05-17T12:28:22.948+08:00 DEBUG 16316 --- [CampusConnect] [           main] com.zaxxer.hikari.HikariConfig           : connectionInitSql...............none
2025-05-17T12:28:22.948+08:00 DEBUG 16316 --- [CampusConnect] [           main] com.zaxxer.hikari.HikariConfig           : connectionTestQuery.............none
2025-05-17T12:28:22.948+08:00 DEBUG 16316 --- [CampusConnect] [           main] com.zaxxer.hikari.HikariConfig           : connectionTimeout...............30000
2025-05-17T12:28:22.949+08:00 DEBUG 16316 --- [CampusConnect] [           main] com.zaxxer.hikari.HikariConfig           : dataSource......................none
2025-05-17T12:28:22.949+08:00 DEBUG 16316 --- [CampusConnect] [           main] com.zaxxer.hikari.HikariConfig           : dataSourceClassName.............none
2025-05-17T12:28:22.949+08:00 DEBUG 16316 --- [CampusConnect] [           main] com.zaxxer.hikari.HikariConfig           : dataSourceJNDI..................none
2025-05-17T12:28:22.949+08:00 DEBUG 16316 --- [CampusConnect] [           main] com.zaxxer.hikari.HikariConfig           : dataSourceProperties............{password=<masked>}
2025-05-17T12:28:22.949+08:00 DEBUG 16316 --- [CampusConnect] [           main] com.zaxxer.hikari.HikariConfig           : driverClassName................."org.h2.Driver"
2025-05-17T12:28:22.949+08:00 DEBUG 16316 --- [CampusConnect] [           main] com.zaxxer.hikari.HikariConfig           : exceptionOverrideClassName......none
2025-05-17T12:28:22.949+08:00 DEBUG 16316 --- [CampusConnect] [           main] com.zaxxer.hikari.HikariConfig           : healthCheckProperties...........{}
2025-05-17T12:28:22.949+08:00 DEBUG 16316 --- [CampusConnect] [           main] com.zaxxer.hikari.HikariConfig           : healthCheckRegistry.............none
2025-05-17T12:28:22.949+08:00 DEBUG 16316 --- [CampusConnect] [           main] com.zaxxer.hikari.HikariConfig           : idleTimeout.....................600000
2025-05-17T12:28:22.949+08:00 DEBUG 16316 --- [CampusConnect] [           main] com.zaxxer.hikari.HikariConfig           : initializationFailTimeout.......1
2025-05-17T12:28:22.949+08:00 DEBUG 16316 --- [CampusConnect] [           main] com.zaxxer.hikari.HikariConfig           : isolateInternalQueries..........false
2025-05-17T12:28:22.949+08:00 DEBUG 16316 --- [CampusConnect] [           main] com.zaxxer.hikari.HikariConfig           : jdbcUrl.........................jdbc:h2:mem:testdb
2025-05-17T12:28:22.950+08:00 DEBUG 16316 --- [CampusConnect] [           main] com.zaxxer.hikari.HikariConfig           : keepaliveTime...................0
2025-05-17T12:28:22.950+08:00 DEBUG 16316 --- [CampusConnect] [           main] com.zaxxer.hikari.HikariConfig           : leakDetectionThreshold..........0
2025-05-17T12:28:22.950+08:00 DEBUG 16316 --- [CampusConnect] [           main] com.zaxxer.hikari.HikariConfig           : maxLifetime.....................1800000
2025-05-17T12:28:22.950+08:00 DEBUG 16316 --- [CampusConnect] [           main] com.zaxxer.hikari.HikariConfig           : maximumPoolSize.................10
2025-05-17T12:28:22.950+08:00 DEBUG 16316 --- [CampusConnect] [           main] com.zaxxer.hikari.HikariConfig           : metricRegistry..................none
2025-05-17T12:28:22.950+08:00 DEBUG 16316 --- [CampusConnect] [           main] com.zaxxer.hikari.HikariConfig           : metricsTrackerFactory...........none
2025-05-17T12:28:22.950+08:00 DEBUG 16316 --- [CampusConnect] [           main] com.zaxxer.hikari.HikariConfig           : minimumIdle.....................10
2025-05-17T12:28:22.950+08:00 DEBUG 16316 --- [CampusConnect] [           main] com.zaxxer.hikari.HikariConfig           : password........................<masked>
2025-05-17T12:28:22.950+08:00 DEBUG 16316 --- [CampusConnect] [           main] com.zaxxer.hikari.HikariConfig           : poolName........................"HikariPool-1"
2025-05-17T12:28:22.950+08:00 DEBUG 16316 --- [CampusConnect] [           main] com.zaxxer.hikari.HikariConfig           : readOnly........................false
2025-05-17T12:28:22.950+08:00 DEBUG 16316 --- [CampusConnect] [           main] com.zaxxer.hikari.HikariConfig           : registerMbeans..................false
2025-05-17T12:28:22.950+08:00 DEBUG 16316 --- [CampusConnect] [           main] com.zaxxer.hikari.HikariConfig           : scheduledExecutor...............none
2025-05-17T12:28:22.950+08:00 DEBUG 16316 --- [CampusConnect] [           main] com.zaxxer.hikari.HikariConfig           : schema..........................none
2025-05-17T12:28:22.950+08:00 DEBUG 16316 --- [CampusConnect] [           main] com.zaxxer.hikari.HikariConfig           : threadFactory...................internal
2025-05-17T12:28:22.950+08:00 DEBUG 16316 --- [CampusConnect] [           main] com.zaxxer.hikari.HikariConfig           : transactionIsolation............default
2025-05-17T12:28:22.950+08:00 DEBUG 16316 --- [CampusConnect] [           main] com.zaxxer.hikari.HikariConfig           : username........................"sa"
2025-05-17T12:28:22.951+08:00 DEBUG 16316 --- [CampusConnect] [           main] com.zaxxer.hikari.HikariConfig           : validationTimeout...............5000
2025-05-17T12:28:22.951+08:00  INFO 16316 --- [CampusConnect] [           main] com.zaxxer.hikari.HikariDataSource       : HikariPool-1 - Starting...
2025-05-17T12:28:23.031+08:00  INFO 16316 --- [CampusConnect] [           main] com.zaxxer.hikari.pool.HikariPool        : HikariPool-1 - Added connection conn0: url=jdbc:h2:mem:testdb user=SA
2025-05-17T12:28:23.032+08:00  INFO 16316 --- [CampusConnect] [           main] com.zaxxer.hikari.HikariDataSource       : HikariPool-1 - Start completed.
2025-05-17T12:28:23.035+08:00 DEBUG 16316 --- [CampusConnect] [           main] o.h.e.j.e.i.JdbcEnvironmentInitiator     : Database ->
	   name : H2
	version : 2.3.232 (2024-08-11)
	  major : 2
	  minor : 3
2025-05-17T12:28:23.035+08:00 DEBUG 16316 --- [CampusConnect] [           main] o.h.e.j.e.i.JdbcEnvironmentInitiator     : Driver ->
	   name : H2 JDBC Driver
	version : 2.3.232 (2024-08-11)
	  major : 2
	  minor : 3
2025-05-17T12:28:23.035+08:00 DEBUG 16316 --- [CampusConnect] [           main] o.h.e.j.e.i.JdbcEnvironmentInitiator     : JDBC version : 4.3
2025-05-17T12:28:23.045+08:00  WARN 16316 --- [CampusConnect] [           main] org.hibernate.orm.deprecation            : HHH90000025: H2Dialect does not need to be specified explicitly using 'hibernate.dialect' (remove the property setting and it will be selected by default)
2025-05-17T12:28:23.045+08:00 DEBUG 16316 --- [CampusConnect] [           main] org.hibernate.orm.dialect                : HHH035001: Using dialect: org.hibernate.dialect.H2Dialect, version: 2.3.232
2025-05-17T12:28:23.046+08:00 DEBUG 16316 --- [CampusConnect] [           main] o.h.e.j.env.spi.IdentifierHelperBuilder  : JDBC driver metadata reported database stores quoted identifiers in neither upper, lower nor mixed case
2025-05-17T12:28:23.057+08:00  INFO 16316 --- [CampusConnect] [           main] org.hibernate.orm.connections.pooling    : HHH10001005: Database info:
	Database JDBC URL [Connecting through datasource 'HikariDataSource (HikariPool-1)']
	Database driver: undefined/unknown
	Database version: 2.3.232
	Autocommit mode: undefined/unknown
	Isolation level: undefined/unknown
	Minimum pool size: undefined/unknown
	Maximum pool size: undefined/unknown
2025-05-17T12:28:23.061+08:00 DEBUG 16316 --- [CampusConnect] [           main] o.h.t.d.jdbc.spi.JdbcTypeRegistry        : addDescriptor(NCharTypeDescriptor) replaced previous registration(CharTypeDescriptor)
2025-05-17T12:28:23.061+08:00 DEBUG 16316 --- [CampusConnect] [           main] o.h.t.d.jdbc.spi.JdbcTypeRegistry        : addDescriptor(NVarcharTypeDescriptor) replaced previous registration(VarcharTypeDescriptor)
2025-05-17T12:28:23.061+08:00 DEBUG 16316 --- [CampusConnect] [           main] o.h.t.d.jdbc.spi.JdbcTypeRegistry        : addDescriptor(LongNVarcharTypeDescriptor) replaced previous registration(LongVarcharTypeDescriptor)
2025-05-17T12:28:23.062+08:00 DEBUG 16316 --- [CampusConnect] [           main] o.h.t.d.jdbc.spi.JdbcTypeRegistry        : addDescriptor(NClobTypeDescriptor(DEFAULT)) replaced previous registration(ClobTypeDescriptor(DEFAULT))
2025-05-17T12:28:23.064+08:00 DEBUG 16316 --- [CampusConnect] [           main] o.h.t.d.jdbc.spi.JdbcTypeRegistry        : addDescriptor(TimestampUtcDescriptor) replaced previous registration(TimestampUtcDescriptor)
2025-05-17T12:28:23.066+08:00 DEBUG 16316 --- [CampusConnect] [           main] org.hibernate.type.BasicTypeRegistry     : Adding type registration org.hibernate.type.DurationType -> basicType@1(java.time.Duration,3015)
2025-05-17T12:28:23.066+08:00 DEBUG 16316 --- [CampusConnect] [           main] org.hibernate.type.BasicTypeRegistry     : Adding type registration Duration -> basicType@1(java.time.Duration,3015)
2025-05-17T12:28:23.066+08:00 DEBUG 16316 --- [CampusConnect] [           main] org.hibernate.type.BasicTypeRegistry     : Adding type registration java.time.Duration -> basicType@1(java.time.Duration,3015)
2025-05-17T12:28:23.067+08:00 DEBUG 16316 --- [CampusConnect] [           main] o.h.type.spi.TypeConfiguration$Scope     : Scoping TypeConfiguration [org.hibernate.type.spi.TypeConfiguration@72f3f14c] to MetadataBuildingContext [org.hibernate.boot.internal.MetadataBuildingContextRootImpl@4cb4c4cc]
2025-05-17T12:28:23.085+08:00 DEBUG 16316 --- [CampusConnect] [           main] o.h.boot.model.relational.Namespace      : Created database namespace [logicalName=Name{catalog=null, schema=null}, physicalName=Name{catalog=null, schema=null}]
2025-05-17T12:28:23.095+08:00 DEBUG 16316 --- [CampusConnect] [           main] o.h.boot.model.internal.EntityBinder     : Binding entity from annotated class: com.campusconnect.model.Event
2025-05-17T12:28:23.098+08:00 DEBUG 16316 --- [CampusConnect] [           main] o.h.boot.model.internal.EntityBinder     : Import with entity name Event
2025-05-17T12:28:23.100+08:00 DEBUG 16316 --- [CampusConnect] [           main] o.h.boot.model.internal.EntityBinder     : Bind entity com.campusconnect.model.Event on table event
2025-05-17T12:28:23.104+08:00 DEBUG 16316 --- [CampusConnect] [           main] o.h.boot.model.internal.AnnotatedColumn  : Binding column: AnnotatedDiscriminatorColumn(column='DTYPE')
2025-05-17T12:28:23.110+08:00 DEBUG 16316 --- [CampusConnect] [           main] o.h.boot.model.internal.AnnotatedColumn  : Binding column: AnnotatedColumn()
2025-05-17T12:28:23.110+08:00 DEBUG 16316 --- [CampusConnect] [           main] o.h.boot.internal.ClassLoaderAccessImpl  : Not known whether passed class name [com.campusconnect.model.Event] is safe
2025-05-17T12:28:23.110+08:00 DEBUG 16316 --- [CampusConnect] [           main] o.h.boot.internal.ClassLoaderAccessImpl  : No temp ClassLoader provided; using live ClassLoader for loading potentially unsafe class : com.campusconnect.model.Event
2025-05-17T12:28:23.111+08:00 DEBUG 16316 --- [CampusConnect] [           main] o.h.boot.model.internal.PropertyBinder   : MetadataSourceProcessor property id with lazy=false
2025-05-17T12:28:23.113+08:00 DEBUG 16316 --- [CampusConnect] [           main] o.h.b.m.internal.AbstractPropertyHolder  : Attempting to locate auto-apply AttributeConverter for property [com.campusconnect.model.Event:id]
2025-05-17T12:28:23.114+08:00 DEBUG 16316 --- [CampusConnect] [           main] o.h.b.model.internal.BasicValueBinder    : building BasicValue for id
2025-05-17T12:28:23.115+08:00 DEBUG 16316 --- [CampusConnect] [           main] org.hibernate.mapping.BasicValue         : Skipping column re-registration: event.id
2025-05-17T12:28:23.116+08:00 DEBUG 16316 --- [CampusConnect] [           main] o.h.boot.model.internal.PropertyBinder   : Building property id
2025-05-17T12:28:23.118+08:00 DEBUG 16316 --- [CampusConnect] [           main] o.h.boot.model.internal.BinderHelper     : #makeIdGenerator(BasicValue([Column(id)]), id, identity, , ...)
2025-05-17T12:28:23.118+08:00 DEBUG 16316 --- [CampusConnect] [           main] o.h.boot.model.internal.AnnotatedColumn  : Binding column: AnnotatedColumn()
2025-05-17T12:28:23.118+08:00 DEBUG 16316 --- [CampusConnect] [           main] o.h.boot.model.internal.PropertyBinder   : MetadataSourceProcessor property date with lazy=false
2025-05-17T12:28:23.118+08:00 DEBUG 16316 --- [CampusConnect] [           main] o.h.b.m.internal.AbstractPropertyHolder  : Attempting to locate auto-apply AttributeConverter for property [com.campusconnect.model.Event:date]
2025-05-17T12:28:23.118+08:00 DEBUG 16316 --- [CampusConnect] [           main] o.h.b.model.internal.BasicValueBinder    : building BasicValue for date
2025-05-17T12:28:23.118+08:00 DEBUG 16316 --- [CampusConnect] [           main] org.hibernate.mapping.BasicValue         : Skipping column re-registration: event.date
2025-05-17T12:28:23.118+08:00 DEBUG 16316 --- [CampusConnect] [           main] o.h.boot.model.internal.PropertyBinder   : Building property date
2025-05-17T12:28:23.118+08:00 DEBUG 16316 --- [CampusConnect] [           main] o.h.boot.model.internal.AnnotatedColumn  : Binding column: AnnotatedColumn()
2025-05-17T12:28:23.119+08:00 DEBUG 16316 --- [CampusConnect] [           main] o.h.boot.model.internal.PropertyBinder   : MetadataSourceProcessor property description with lazy=false
2025-05-17T12:28:23.119+08:00 DEBUG 16316 --- [CampusConnect] [           main] o.h.b.m.internal.AbstractPropertyHolder  : Attempting to locate auto-apply AttributeConverter for property [com.campusconnect.model.Event:description]
2025-05-17T12:28:23.119+08:00 DEBUG 16316 --- [CampusConnect] [           main] o.h.b.model.internal.BasicValueBinder    : building BasicValue for description
2025-05-17T12:28:23.119+08:00 DEBUG 16316 --- [CampusConnect] [           main] org.hibernate.mapping.BasicValue         : Skipping column re-registration: event.description
2025-05-17T12:28:23.119+08:00 DEBUG 16316 --- [CampusConnect] [           main] o.h.boot.model.internal.PropertyBinder   : Building property description
2025-05-17T12:28:23.119+08:00 DEBUG 16316 --- [CampusConnect] [           main] o.h.boot.model.internal.AnnotatedColumn  : Binding column: AnnotatedColumn()
2025-05-17T12:28:23.119+08:00 DEBUG 16316 --- [CampusConnect] [           main] o.h.boot.model.internal.PropertyBinder   : MetadataSourceProcessor property endTime with lazy=false
2025-05-17T12:28:23.119+08:00 DEBUG 16316 --- [CampusConnect] [           main] o.h.b.m.internal.AbstractPropertyHolder  : Attempting to locate auto-apply AttributeConverter for property [com.campusconnect.model.Event:endTime]
2025-05-17T12:28:23.119+08:00 DEBUG 16316 --- [CampusConnect] [           main] o.h.b.model.internal.BasicValueBinder    : building BasicValue for endTime
2025-05-17T12:28:23.119+08:00 DEBUG 16316 --- [CampusConnect] [           main] org.hibernate.mapping.BasicValue         : Skipping column re-registration: event.end_time
2025-05-17T12:28:23.119+08:00 DEBUG 16316 --- [CampusConnect] [           main] o.h.boot.model.internal.PropertyBinder   : Building property endTime
2025-05-17T12:28:23.119+08:00 DEBUG 16316 --- [CampusConnect] [           main] o.h.boot.model.internal.AnnotatedColumn  : Binding column: AnnotatedColumn()
2025-05-17T12:28:23.119+08:00 DEBUG 16316 --- [CampusConnect] [           main] o.h.boot.model.internal.PropertyBinder   : MetadataSourceProcessor property googleEventId with lazy=false
2025-05-17T12:28:23.119+08:00 DEBUG 16316 --- [CampusConnect] [           main] o.h.b.m.internal.AbstractPropertyHolder  : Attempting to locate auto-apply AttributeConverter for property [com.campusconnect.model.Event:googleEventId]
2025-05-17T12:28:23.119+08:00 DEBUG 16316 --- [CampusConnect] [           main] o.h.b.model.internal.BasicValueBinder    : building BasicValue for googleEventId
2025-05-17T12:28:23.119+08:00 DEBUG 16316 --- [CampusConnect] [           main] org.hibernate.mapping.BasicValue         : Skipping column re-registration: event.google_event_id
2025-05-17T12:28:23.119+08:00 DEBUG 16316 --- [CampusConnect] [           main] o.h.boot.model.internal.PropertyBinder   : Building property googleEventId
2025-05-17T12:28:23.119+08:00 DEBUG 16316 --- [CampusConnect] [           main] o.h.boot.model.internal.AnnotatedColumn  : Binding column: AnnotatedColumn()
2025-05-17T12:28:23.119+08:00 DEBUG 16316 --- [CampusConnect] [           main] o.h.boot.model.internal.PropertyBinder   : MetadataSourceProcessor property name with lazy=false
2025-05-17T12:28:23.119+08:00 DEBUG 16316 --- [CampusConnect] [           main] o.h.b.m.internal.AbstractPropertyHolder  : Attempting to locate auto-apply AttributeConverter for property [com.campusconnect.model.Event:name]
2025-05-17T12:28:23.119+08:00 DEBUG 16316 --- [CampusConnect] [           main] o.h.b.model.internal.BasicValueBinder    : building BasicValue for name
2025-05-17T12:28:23.119+08:00 DEBUG 16316 --- [CampusConnect] [           main] org.hibernate.mapping.BasicValue         : Skipping column re-registration: event.name
2025-05-17T12:28:23.119+08:00 DEBUG 16316 --- [CampusConnect] [           main] o.h.boot.model.internal.PropertyBinder   : Building property name
2025-05-17T12:28:23.120+08:00 DEBUG 16316 --- [CampusConnect] [           main] o.h.boot.model.internal.AnnotatedColumn  : Binding column: AnnotatedColumn()
2025-05-17T12:28:23.120+08:00 DEBUG 16316 --- [CampusConnect] [           main] o.h.boot.model.internal.PropertyBinder   : MetadataSourceProcessor property organization with lazy=false
2025-05-17T12:28:23.120+08:00 DEBUG 16316 --- [CampusConnect] [           main] o.h.b.m.internal.AbstractPropertyHolder  : Attempting to locate auto-apply AttributeConverter for property [com.campusconnect.model.Event:organization]
2025-05-17T12:28:23.120+08:00 DEBUG 16316 --- [CampusConnect] [           main] o.h.b.model.internal.BasicValueBinder    : building BasicValue for organization
2025-05-17T12:28:23.120+08:00 DEBUG 16316 --- [CampusConnect] [           main] org.hibernate.mapping.BasicValue         : Skipping column re-registration: event.organization
2025-05-17T12:28:23.120+08:00 DEBUG 16316 --- [CampusConnect] [           main] o.h.boot.model.internal.PropertyBinder   : Building property organization
2025-05-17T12:28:23.120+08:00 DEBUG 16316 --- [CampusConnect] [           main] o.h.boot.model.internal.AnnotatedColumn  : Binding column: AnnotatedColumn()
2025-05-17T12:28:23.120+08:00 DEBUG 16316 --- [CampusConnect] [           main] o.h.boot.model.internal.PropertyBinder   : MetadataSourceProcessor property organizerEmail with lazy=false
2025-05-17T12:28:23.120+08:00 DEBUG 16316 --- [CampusConnect] [           main] o.h.b.m.internal.AbstractPropertyHolder  : Attempting to locate auto-apply AttributeConverter for property [com.campusconnect.model.Event:organizerEmail]
2025-05-17T12:28:23.120+08:00 DEBUG 16316 --- [CampusConnect] [           main] o.h.b.model.internal.BasicValueBinder    : building BasicValue for organizerEmail
2025-05-17T12:28:23.120+08:00 DEBUG 16316 --- [CampusConnect] [           main] org.hibernate.mapping.BasicValue         : Skipping column re-registration: event.organizer_email
2025-05-17T12:28:23.120+08:00 DEBUG 16316 --- [CampusConnect] [           main] o.h.boot.model.internal.PropertyBinder   : Building property organizerEmail
2025-05-17T12:28:23.120+08:00 DEBUG 16316 --- [CampusConnect] [           main] o.h.boot.model.internal.AnnotatedColumn  : Binding column: AnnotatedColumn()
2025-05-17T12:28:23.120+08:00 DEBUG 16316 --- [CampusConnect] [           main] o.h.boot.model.internal.PropertyBinder   : MetadataSourceProcessor property startTime with lazy=false
2025-05-17T12:28:23.120+08:00 DEBUG 16316 --- [CampusConnect] [           main] o.h.b.m.internal.AbstractPropertyHolder  : Attempting to locate auto-apply AttributeConverter for property [com.campusconnect.model.Event:startTime]
2025-05-17T12:28:23.120+08:00 DEBUG 16316 --- [CampusConnect] [           main] o.h.b.model.internal.BasicValueBinder    : building BasicValue for startTime
2025-05-17T12:28:23.120+08:00 DEBUG 16316 --- [CampusConnect] [           main] org.hibernate.mapping.BasicValue         : Skipping column re-registration: event.start_time
2025-05-17T12:28:23.120+08:00 DEBUG 16316 --- [CampusConnect] [           main] o.h.boot.model.internal.PropertyBinder   : Building property startTime
2025-05-17T12:28:23.120+08:00 DEBUG 16316 --- [CampusConnect] [           main] o.h.boot.model.internal.AnnotatedColumn  : Binding column: AnnotatedColumn()
2025-05-17T12:28:23.121+08:00 DEBUG 16316 --- [CampusConnect] [           main] o.h.boot.model.internal.PropertyBinder   : MetadataSourceProcessor property studentEmail with lazy=false
2025-05-17T12:28:23.121+08:00 DEBUG 16316 --- [CampusConnect] [           main] o.h.b.m.internal.AbstractPropertyHolder  : Attempting to locate auto-apply AttributeConverter for property [com.campusconnect.model.Event:studentEmail]
2025-05-17T12:28:23.121+08:00 DEBUG 16316 --- [CampusConnect] [           main] o.h.b.model.internal.BasicValueBinder    : building BasicValue for studentEmail
[...]
      Matched:
         - @ConditionalOnClass found required classes 'javax.sql.DataSource', 'jakarta.transaction.TransactionManager', 'org.springframework.jdbc.datasource.embedded.EmbeddedDatabaseType' (OnClassCondition)


Exclusions:
-----------

    None


Unconditional classes:
----------------------

    org.springframework.boot.autoconfigure.context.ConfigurationPropertiesAutoConfiguration

    org.springframework.boot.autoconfigure.ssl.SslAutoConfiguration

    org.springframework.boot.autoconfigure.context.LifecycleAutoConfiguration

    org.springframework.boot.autoconfigure.context.PropertyPlaceholderAutoConfiguration

    org.springframework.boot.autoconfigure.availability.ApplicationAvailabilityAutoConfiguration

    org.springframework.boot.autoconfigure.info.ProjectInfoAutoConfiguration



2025-05-17T12:28:24.038+08:00  INFO 16316 --- [CampusConnect] [           main] c.c.c.CampusConnectApplicationTests      : Started CampusConnectApplicationTests in 2.016 seconds (process running for 2.482)
2025-05-17T12:28:24.039+08:00 DEBUG 16316 --- [CampusConnect] [           main] o.s.b.a.ApplicationAvailabilityBean      : Application availability state LivenessState changed to CORRECT
2025-05-17T12:28:24.040+08:00 DEBUG 16316 --- [CampusConnect] [           main] o.s.boot.devtools.restart.Restarter      : Creating new Restarter for thread Thread[#1,main,5,main]
2025-05-17T12:28:24.040+08:00 DEBUG 16316 --- [CampusConnect] [           main] o.s.b.a.ApplicationAvailabilityBean      : Application availability state ReadinessState changed to ACCEPTING_TRAFFIC
2025-05-17T12:28:24.040+08:00 DEBUG 16316 --- [CampusConnect] [           main] org.springframework.test.context.cache   : Spring test ApplicationContext cache statistics: [DefaultContextCache@35d4fecf size = 1, maxSize = 32, parentContextCount = 0, hitCount = 0, missCount = 1, failureCount = 0]
2025-05-17T12:28:24.041+08:00 DEBUG 16316 --- [CampusConnect] [           main] o.s.t.c.w.ServletTestExecutionListener   : Setting up MockHttpServletRequest, MockHttpServletResponse, ServletWebRequest, and RequestContextHolder for test class com.campusconnect.campusconnect.CampusConnectApplicationTests
2025-05-17T12:28:24.045+08:00 DEBUG 16316 --- [CampusConnect] [           main] DependencyInjectionTestExecutionListener : Performing dependency injection for test class com.campusconnect.campusconnect.CampusConnectApplicationTests
2025-05-17T12:28:24.046+08:00 DEBUG 16316 --- [CampusConnect] [           main] org.springframework.test.context.cache   : Spring test ApplicationContext cache statistics: [DefaultContextCache@35d4fecf size = 1, maxSize = 32, parentContextCount = 0, hitCount = 1, missCount = 1, failureCount = 0]
2025-05-17T12:28:24.046+08:00 DEBUG 16316 --- [CampusConnect] [           main] org.springframework.test.context.cache   : Spring test ApplicationContext cache statistics: [DefaultContextCache@35d4fecf size = 1, maxSize = 32, parentContextCount = 0, hitCount = 2, missCount = 1, failureCount = 0]
2025-05-17T12:28:24.048+08:00 DEBUG 16316 --- [CampusConnect] [           main] sContextBeforeModesTestExecutionListener : Before test method: class [CampusConnectApplicationTests], method [contextLoads], class annotated with @DirtiesContext [false] with mode [null], method annotated with @DirtiesContext [false] with mode [null]
2025-05-17T12:28:24.049+08:00 DEBUG 16316 --- [CampusConnect] [           main] org.springframework.test.context.cache   : Spring test ApplicationContext cache statistics: [DefaultContextCache@35d4fecf size = 1, maxSize = 32, parentContextCount = 0, hitCount = 3, missCount = 1, failureCount = 0]
2025-05-17T12:28:24.050+08:00 DEBUG 16316 --- [CampusConnect] [           main] org.springframework.test.context.cache   : Spring test ApplicationContext cache statistics: [DefaultContextCache@35d4fecf size = 1, maxSize = 32, parentContextCount = 0, hitCount = 4, missCount = 1, failureCount = 0]
2025-05-17T12:28:24.066+08:00 DEBUG 16316 --- [CampusConnect] [           main] java.lang.ProcessBuilder                 : ProcessBuilder.start(): pid: 16318, dir: null, cmd: "/opt/homebrew/Cellar/openjdk/23.0.2/libexec/openjdk.jdk/Contents/Home/bin/java"

java.lang.RuntimeException: ProcessBuilder.start() debug
	at java.base/java.lang.ProcessBuilder.start(ProcessBuilder.java:1147) ~[na:na]
	at java.base/java.lang.ProcessBuilder.start(ProcessBuilder.java:1089) ~[na:na]
	at net.bytebuddy.agent.ByteBuddyAgent.installExternal(ByteBuddyAgent.java:673) ~[byte-buddy-agent-1.15.11.jar:na]
	at net.bytebuddy.agent.ByteBuddyAgent.install(ByteBuddyAgent.java:604) ~[byte-buddy-agent-1.15.11.jar:na]
	at net.bytebuddy.agent.ByteBuddyAgent.install(ByteBuddyAgent.java:584) ~[byte-buddy-agent-1.15.11.jar:na]
	at net.bytebuddy.agent.ByteBuddyAgent.install(ByteBuddyAgent.java:536) ~[byte-buddy-agent-1.15.11.jar:na]
	at net.bytebuddy.agent.ByteBuddyAgent.install(ByteBuddyAgent.java:513) ~[byte-buddy-agent-1.15.11.jar:na]
	at org.mockito.internal.PremainAttachAccess.getInstrumentation(PremainAttachAccess.java:49) ~[mockito-core-5.14.2.jar:na]
	at org.mockito.internal.creation.bytebuddy.InlineDelegateByteBuddyMockMaker.<clinit>(InlineDelegateByteBuddyMockMaker.java:138) ~[mockito-core-5.14.2.jar:na]
	at org.mockito.internal.creation.bytebuddy.InlineByteBuddyMockMaker.<init>(InlineByteBuddyMockMaker.java:23) ~[mockito-core-5.14.2.jar:na]
	at java.base/jdk.internal.reflect.DirectConstructorHandleAccessor.newInstance(DirectConstructorHandleAccessor.java:62) ~[na:na]
	at java.base/java.lang.reflect.Constructor.newInstanceWithCaller(Constructor.java:501) ~[na:na]
	at java.base/java.lang.reflect.Constructor.newInstance(Constructor.java:485) ~[na:na]
	at org.mockito.internal.configuration.plugins.DefaultMockitoPlugins.create(DefaultMockitoPlugins.java:103) ~[mockito-core-5.14.2.jar:na]
	at org.mockito.internal.configuration.plugins.DefaultMockitoPlugins.getDefaultPlugin(DefaultMockitoPlugins.java:79) ~[mockito-core-5.14.2.jar:na]
	at org.mockito.internal.configuration.plugins.PluginLoader.loadPlugin(PluginLoader.java:75) ~[mockito-core-5.14.2.jar:na]
	at org.mockito.internal.configuration.plugins.PluginLoader.loadPlugin(PluginLoader.java:49) ~[mockito-core-5.14.2.jar:na]
	at org.mockito.internal.configuration.plugins.PluginRegistry.<init>(PluginRegistry.java:29) ~[mockito-core-5.14.2.jar:na]
	at org.mockito.internal.configuration.plugins.Plugins.<clinit>(Plugins.java:26) ~[mockito-core-5.14.2.jar:na]
	at org.mockito.internal.MockitoCore.<clinit>(MockitoCore.java:71) ~[mockito-core-5.14.2.jar:na]
	at org.mockito.Mockito.<clinit>(Mockito.java:1741) ~[mockito-core-5.14.2.jar:na]
	at org.springframework.boot.test.mock.mockito.MockReset.get(MockReset.java:109) ~[spring-boot-test-3.4.5.jar:3.4.5]
	at org.springframework.boot.test.mock.mockito.ResetMocksTestExecutionListener.resetMocks(ResetMocksTestExecutionListener.java:89) ~[spring-boot-test-3.4.5.jar:3.4.5]
	at org.springframework.boot.test.mock.mockito.ResetMocksTestExecutionListener.resetMocks(ResetMocksTestExecutionListener.java:77) ~[spring-boot-test-3.4.5.jar:3.4.5]
	at org.springframework.boot.test.mock.mockito.ResetMocksTestExecutionListener.beforeTestMethod(ResetMocksTestExecutionListener.java:64) ~[spring-boot-test-3.4.5.jar:3.4.5]
	at org.springframework.test.context.TestContextManager.beforeTestMethod(TestContextManager.java:320) ~[spring-test-6.2.6.jar:6.2.6]
	at org.springframework.test.context.junit.jupiter.SpringExtension.beforeEach(SpringExtension.java:236) ~[spring-test-6.2.6.jar:6.2.6]
	at org.junit.jupiter.engine.descriptor.TestMethodTestDescriptor.lambda$invokeBeforeEachCallbacks$3(TestMethodTestDescriptor.java:166) ~[junit-jupiter-engine-5.11.4.jar:5.11.4]
	at org.junit.jupiter.engine.descriptor.TestMethodTestDescriptor.lambda$invokeBeforeMethodsOrCallbacksUntilExceptionOccurs$7(TestMethodTestDescriptor.java:202) ~[junit-jupiter-engine-5.11.4.jar:5.11.4]
	at org.junit.platform.engine.support.hierarchical.ThrowableCollector.execute(ThrowableCollector.java:73) ~[junit-platform-engine-1.11.4.jar:1.11.4]
	at org.junit.jupiter.engine.descriptor.TestMethodTestDescriptor.invokeBeforeMethodsOrCallbacksUntilExceptionOccurs(TestMethodTestDescriptor.java:202) ~[junit-jupiter-engine-5.11.4.jar:5.11.4]
	at org.junit.jupiter.engine.descriptor.TestMethodTestDescriptor.invokeBeforeEachCallbacks(TestMethodTestDescriptor.java:165) ~[junit-jupiter-engine-5.11.4.jar:5.11.4]
	at org.junit.jupiter.engine.descriptor.TestMethodTestDescriptor.execute(TestMethodTestDescriptor.java:132) ~[junit-jupiter-engine-5.11.4.jar:5.11.4]
	at org.junit.jupiter.engine.descriptor.TestMethodTestDescriptor.execute(TestMethodTestDescriptor.java:68) ~[junit-jupiter-engine-5.11.4.jar:5.11.4]
	at org.junit.platform.engine.support.hierarchical.NodeTestTask.lambda$executeRecursively$6(NodeTestTask.java:156) ~[junit-platform-engine-1.11.4.jar:1.11.4]
	at org.junit.platform.engine.support.hierarchical.ThrowableCollector.execute(ThrowableCollector.java:73) ~[junit-platform-engine-1.11.4.jar:1.11.4]
	at org.junit.platform.engine.support.hierarchical.NodeTestTask.lambda$executeRecursively$8(NodeTestTask.java:146) ~[junit-platform-engine-1.11.4.jar:1.11.4]
	at org.junit.platform.engine.support.hierarchical.Node.around(Node.java:137) ~[junit-platform-engine-1.11.4.jar:1.11.4]
	at org.junit.platform.engine.support.hierarchical.NodeTestTask.lambda$executeRecursively$9(NodeTestTask.java:144) ~[junit-platform-engine-1.11.4.jar:1.11.4]
	at org.junit.platform.engine.support.hierarchical.ThrowableCollector.execute(ThrowableCollector.java:73) ~[junit-platform-engine-1.11.4.jar:1.11.4]
	at org.junit.platform.engine.support.hierarchical.NodeTestTask.executeRecursively(NodeTestTask.java:143) ~[junit-platform-engine-1.11.4.jar:1.11.4]
	at org.junit.platform.engine.support.hierarchical.NodeTestTask.execute(NodeTestTask.java:100) ~[junit-platform-engine-1.11.4.jar:1.11.4]
	at java.base/java.util.ArrayList.forEach(ArrayList.java:1597) ~[na:na]
	at org.junit.platform.engine.support.hierarchical.SameThreadHierarchicalTestExecutorService.invokeAll(SameThreadHierarchicalTestExecutorService.java:41) ~[junit-platform-engine-1.11.4.jar:1.11.4]
	at org.junit.platform.engine.support.hierarchical.NodeTestTask.lambda$executeRecursively$6(NodeTestTask.java:160) ~[junit-platform-engine-1.11.4.jar:1.11.4]
	at org.junit.platform.engine.support.hierarchical.ThrowableCollector.execute(ThrowableCollector.java:73) ~[junit-platform-engine-1.11.4.jar:1.11.4]
	at org.junit.platform.engine.support.hierarchical.NodeTestTask.lambda$executeRecursively$8(NodeTestTask.java:146) ~[junit-platform-engine-1.11.4.jar:1.11.4]
	at org.junit.platform.engine.support.hierarchical.Node.around(Node.java:137) ~[junit-platform-engine-1.11.4.jar:1.11.4]
	at org.junit.platform.engine.support.hierarchical.NodeTestTask.lambda$executeRecursively$9(NodeTestTask.java:144) ~[junit-platform-engine-1.11.4.jar:1.11.4]
	at org.junit.platform.engine.support.hierarchical.ThrowableCollector.execute(ThrowableCollector.java:73) ~[junit-platform-engine-1.11.4.jar:1.11.4]
	at org.junit.platform.engine.support.hierarchical.NodeTestTask.executeRecursively(NodeTestTask.java:143) ~[junit-platform-engine-1.11.4.jar:1.11.4]
	at org.junit.platform.engine.support.hierarchical.NodeTestTask.execute(NodeTestTask.java:100) ~[junit-platform-engine-1.11.4.jar:1.11.4]
	at java.base/java.util.ArrayList.forEach(ArrayList.java:1597) ~[na:na]
	at org.junit.platform.engine.support.hierarchical.SameThreadHierarchicalTestExecutorService.invokeAll(SameThreadHierarchicalTestExecutorService.java:41) ~[junit-platform-engine-1.11.4.jar:1.11.4]
	at org.junit.platform.engine.support.hierarchical.NodeTestTask.lambda$executeRecursively$6(NodeTestTask.java:160) ~[junit-platform-engine-1.11.4.jar:1.11.4]
	at org.junit.platform.engine.support.hierarchical.ThrowableCollector.execute(ThrowableCollector.java:73) ~[junit-platform-engine-1.11.4.jar:1.11.4]
	at org.junit.platform.engine.support.hierarchical.NodeTestTask.lambda$executeRecursively$8(NodeTestTask.java:146) ~[junit-platform-engine-1.11.4.jar:1.11.4]
	at org.junit.platform.engine.support.hierarchical.Node.around(Node.java:137) ~[junit-platform-engine-1.11.4.jar:1.11.4]
	at org.junit.platform.engine.support.hierarchical.NodeTestTask.lambda$executeRecursively$9(NodeTestTask.java:144) ~[junit-platform-engine-1.11.4.jar:1.11.4]
	at org.junit.platform.engine.support.hierarchical.ThrowableCollector.execute(ThrowableCollector.java:73) ~[junit-platform-engine-1.11.4.jar:1.11.4]
	at org.junit.platform.engine.support.hierarchical.NodeTestTask.executeRecursively(NodeTestTask.java:143) ~[junit-platform-engine-1.11.4.jar:1.11.4]
	at org.junit.platform.engine.support.hierarchical.NodeTestTask.execute(NodeTestTask.java:100) ~[junit-platform-engine-1.11.4.jar:1.11.4]
	at org.junit.platform.engine.support.hierarchical.SameThreadHierarchicalTestExecutorService.submit(SameThreadHierarchicalTestExecutorService.java:35) ~[junit-platform-engine-1.11.4.jar:1.11.4]
	at org.junit.platform.engine.support.hierarchical.HierarchicalTestExecutor.execute(HierarchicalTestExecutor.java:57) ~[junit-platform-engine-1.11.4.jar:1.11.4]
	at org.junit.platform.engine.support.hierarchical.HierarchicalTestEngine.execute(HierarchicalTestEngine.java:54) ~[junit-platform-engine-1.11.4.jar:1.11.4]
	at org.junit.platform.launcher.core.EngineExecutionOrchestrator.execute(EngineExecutionOrchestrator.java:198) ~[junit-platform-launcher-1.11.4.jar:1.11.4]
	at org.junit.platform.launcher.core.EngineExecutionOrchestrator.execute(EngineExecutionOrchestrator.java:169) ~[junit-platform-launcher-1.11.4.jar:1.11.4]
	at org.junit.platform.launcher.core.EngineExecutionOrchestrator.execute(EngineExecutionOrchestrator.java:93) ~[junit-platform-launcher-1.11.4.jar:1.11.4]
	at org.junit.platform.launcher.core.EngineExecutionOrchestrator.lambda$execute$0(EngineExecutionOrchestrator.java:58) ~[junit-platform-launcher-1.11.4.jar:1.11.4]
	at org.junit.platform.launcher.core.EngineExecutionOrchestrator.withInterceptedStreams(EngineExecutionOrchestrator.java:141) ~[junit-platform-launcher-1.11.4.jar:1.11.4]
	at org.junit.platform.launcher.core.EngineExecutionOrchestrator.execute(EngineExecutionOrchestrator.java:57) ~[junit-platform-launcher-1.11.4.jar:1.11.4]
	at org.junit.platform.launcher.core.DefaultLauncher.execute(DefaultLauncher.java:103) ~[junit-platform-launcher-1.11.4.jar:1.11.4]
	at org.junit.platform.launcher.core.DefaultLauncher.execute(DefaultLauncher.java:85) ~[junit-platform-launcher-1.11.4.jar:1.11.4]
	at org.junit.platform.launcher.core.DelegatingLauncher.execute(DelegatingLauncher.java:47) ~[junit-platform-launcher-1.11.4.jar:1.11.4]
	at org.apache.maven.surefire.junitplatform.LazyLauncher.execute(LazyLauncher.java:56) ~[surefire-junit-platform-3.5.3.jar:3.5.3]
	at org.apache.maven.surefire.junitplatform.JUnitPlatformProvider.execute(JUnitPlatformProvider.java:194) ~[surefire-junit-platform-3.5.3.jar:3.5.3]
	at org.apache.maven.surefire.junitplatform.JUnitPlatformProvider.invokeAllTests(JUnitPlatformProvider.java:150) ~[surefire-junit-platform-3.5.3.jar:3.5.3]
	at org.apache.maven.surefire.junitplatform.JUnitPlatformProvider.invoke(JUnitPlatformProvider.java:124) ~[surefire-junit-platform-3.5.3.jar:3.5.3]
	at org.apache.maven.surefire.booter.ForkedBooter.runSuitesInProcess(ForkedBooter.java:385) ~[surefire-booter-3.5.3.jar:3.5.3]
	at org.apache.maven.surefire.booter.ForkedBooter.execute(ForkedBooter.java:162) ~[surefire-booter-3.5.3.jar:3.5.3]
	at org.apache.maven.surefire.booter.ForkedBooter.run(ForkedBooter.java:507) ~[surefire-booter-3.5.3.jar:3.5.3]
	at org.apache.maven.surefire.booter.ForkedBooter.main(ForkedBooter.java:495) ~[surefire-booter-3.5.3.jar:3.5.3]

2025-05-17T12:28:24.350+08:00 DEBUG 16316 --- [CampusConnect] [           main] org.springframework.test.context.cache   : Spring test ApplicationContext cache statistics: [DefaultContextCache@35d4fecf size = 1, maxSize = 32, parentContextCount = 0, hitCount = 5, missCount = 1, failureCount = 0]
2025-05-17T12:28:24.351+08:00 DEBUG 16316 --- [CampusConnect] [           main] org.springframework.test.context.cache   : Spring test ApplicationContext cache statistics: [DefaultContextCache@35d4fecf size = 1, maxSize = 32, parentContextCount = 0, hitCount = 6, missCount = 1, failureCount = 0]
2025-05-17T12:28:24.353+08:00 DEBUG 16316 --- [CampusConnect] [           main] org.springframework.test.context.cache   : Spring test ApplicationContext cache statistics: [DefaultContextCache@35d4fecf size = 1, maxSize = 32, parentContextCount = 0, hitCount = 7, missCount = 1, failureCount = 0]
2025-05-17T12:28:24.353+08:00 DEBUG 16316 --- [CampusConnect] [           main] org.springframework.test.context.cache   : Spring test ApplicationContext cache statistics: [DefaultContextCache@35d4fecf size = 1, maxSize = 32, parentContextCount = 0, hitCount = 8, missCount = 1, failureCount = 0]
2025-05-17T12:28:24.354+08:00 DEBUG 16316 --- [CampusConnect] [           main] org.springframework.test.context.cache   : Spring test ApplicationContext cache statistics: [DefaultContextCache@35d4fecf size = 1, maxSize = 32, parentContextCount = 0, hitCount = 9, missCount = 1, failureCount = 0]
2025-05-17T12:28:24.354+08:00 DEBUG 16316 --- [CampusConnect] [           main] org.springframework.test.context.cache   : Spring test ApplicationContext cache statistics: [DefaultContextCache@35d4fecf size = 1, maxSize = 32, parentContextCount = 0, hitCount = 10, missCount = 1, failureCount = 0]
2025-05-17T12:28:24.354+08:00 DEBUG 16316 --- [CampusConnect] [           main] org.springframework.test.context.cache   : Spring test ApplicationContext cache statistics: [DefaultContextCache@35d4fecf size = 1, maxSize = 32, parentContextCount = 0, hitCount = 11, missCount = 1, failureCount = 0]
2025-05-17T12:28:24.355+08:00 DEBUG 16316 --- [CampusConnect] [           main] org.springframework.test.context.cache   : Spring test ApplicationContext cache statistics: [DefaultContextCache@35d4fecf size = 1, maxSize = 32, parentContextCount = 0, hitCount = 12, missCount = 1, failureCount = 0]
2025-05-17T12:28:24.355+08:00 DEBUG 16316 --- [CampusConnect] [           main] org.springframework.test.context.cache   : Spring test ApplicationContext cache statistics: [DefaultContextCache@35d4fecf size = 1, maxSize = 32, parentContextCount = 0, hitCount = 13, missCount = 1, failureCount = 0]
2025-05-17T12:28:24.355+08:00 DEBUG 16316 --- [CampusConnect] [           main] .c.s.DirtiesContextTestExecutionListener : After test method: class [CampusConnectApplicationTests], method [contextLoads], class annotated with @DirtiesContext [false] with mode [null], method annotated with @DirtiesContext [false] with mode [null]
2025-05-17T12:28:24.355+08:00 DEBUG 16316 --- [CampusConnect] [           main] o.s.t.c.w.ServletTestExecutionListener   : Resetting RequestContextHolder for test class com.campusconnect.campusconnect.CampusConnectApplicationTests
]]></system-out>
    <system-err><![CDATA[Mockito is currently self-attaching to enable the inline-mock-maker. This will no longer work in future releases of the JDK. Please add Mockito as an agent to your build what is described in Mockito's documentation: https://javadoc.io/doc/org.mockito/mockito-core/latest/org/mockito/Mockito.html#0.3
WARNING: A Java agent has been loaded dynamically (/Users/axcellandicho/.m2/repository/net/bytebuddy/byte-buddy-agent/1.15.11/byte-buddy-agent-1.15.11.jar)
WARNING: If a serviceability tool is in use, please run with -XX:+EnableDynamicAgentLoading to hide this warning
WARNING: If a serviceability tool is not in use, please run with -Djdk.instrument.traceUsage for more information
WARNING: Dynamic loading of agents will be disallowed by default in a future release
]]></system-err>
  </testcase>
</testsuite>